[08:09:33 - INFO] Manager - Received new upstox auth token
[08:09:40 - INFO] Manager - Logged in successfully.
[08:09:40 - INFO] Manager - Loading master contracts
[08:09:42 - INFO] Manager - NSE F&O loaded 52169 contracts
[08:09:44 - INFO] Manager - NSE EQ loaded 1498 contracts
[08:09:45 - INFO] Manager - NSE Index loaded 55 contracts
[08:09:45 - INFO] Manager - Updated config file
[08:10:43 - INFO] Manager - Logged in successfully.
[08:10:43 - INFO] Manager - Loading master contracts
[08:10:46 - INFO] Manager - NSE F&O loaded 52169 contracts
[08:10:47 - INFO] Manager - NSE EQ loaded 1498 contracts
[08:10:48 - INFO] Manager - NSE Index loaded 55 contracts
[08:10:48 - INFO] Manager - Updated config file
[08:16:04 - INFO] Manager - Logged in successfully.
[08:16:04 - INFO] Manager - Loading master contracts
[08:16:10 - INFO] Manager - NSE F&O loaded 52169 contracts
[08:16:10 - INFO] Manager - NSE EQ loaded 1498 contracts
[08:16:11 - INFO] Manager - NSE Index loaded 55 contracts
[08:16:11 - INFO] Manager - Updated config file
[08:17:08 - INFO] Manager - Logged in successfully.
[08:17:08 - INFO] Manager - Loading master contracts
[08:17:18 - INFO] Manager - NSE F&O loaded 52169 contracts
[08:17:21 - INFO] Manager - NSE EQ loaded 1498 contracts
[08:17:22 - INFO] Manager - NSE Index loaded 55 contracts
[08:17:22 - INFO] Manager - Updated config file
[08:25:21 - INFO] Manager - Logged in successfully.
[08:25:21 - INFO] Manager - Loading master contracts
[08:25:31 - INFO] Manager - NSE F&O loaded 52169 contracts
[08:25:33 - INFO] Manager - NSE EQ loaded 1498 contracts
[08:25:34 - INFO] Manager - NSE Index loaded 55 contracts
[08:25:34 - INFO] Manager - Updated config file
[08:25:54 - INFO] Manager - Logged in successfully.
[08:25:54 - INFO] Manager - Loading master contracts
[08:25:59 - INFO] Manager - NSE F&O loaded 52169 contracts
[08:26:00 - INFO] Manager - NSE EQ loaded 1498 contracts
[08:26:01 - INFO] Manager - NSE Index loaded 55 contracts
[08:26:01 - INFO] Manager - Updated config file
[08:27:52 - INFO] Manager - Logged in successfully.
[08:27:52 - INFO] Manager - Loading master contracts
[08:27:57 - INFO] Manager - NSE F&O loaded 52169 contracts
[08:27:59 - INFO] Manager - NSE EQ loaded 1498 contracts
[08:27:59 - INFO] Manager - NSE Index loaded 55 contracts
[08:27:59 - INFO] Manager - Updated config file
[08:29:32 - INFO] Manager - Logged in successfully.
[08:29:32 - INFO] Manager - Loading master contracts
[08:29:35 - INFO] Manager - NSE F&O loaded 52169 contracts
[08:29:37 - INFO] Manager - NSE EQ loaded 1498 contracts
[08:29:37 - INFO] Manager - NSE Index loaded 55 contracts
[08:29:37 - INFO] Manager - Updated config file
[08:32:17 - INFO] Manager - Logged in successfully.
[08:32:17 - INFO] Manager - Loading master contracts
[08:32:20 - INFO] Manager - NSE F&O loaded 52169 contracts
[08:32:22 - INFO] Manager - NSE EQ loaded 1498 contracts
[08:32:23 - INFO] Manager - NSE Index loaded 55 contracts
[08:32:23 - INFO] Manager - Updated config file
[08:35:48 - INFO] Manager - Logged in successfully.
[08:35:48 - INFO] Manager - Loading master contracts
[08:35:53 - INFO] Manager - NSE F&O loaded 52169 contracts
[08:35:55 - INFO] Manager - NSE EQ loaded 1498 contracts
[08:35:56 - INFO] Manager - NSE Index loaded 55 contracts
[08:35:56 - INFO] Manager - Updated config file
[08:36:21 - INFO] Manager - Logged in successfully.
[08:36:21 - INFO] Manager - Loading master contracts
[08:36:26 - INFO] Manager - NSE F&O loaded 52169 contracts
[08:36:28 - INFO] Manager - NSE EQ loaded 1498 contracts
[08:36:29 - INFO] Manager - NSE Index loaded 55 contracts
[08:36:29 - INFO] Manager - Updated config file
[08:38:35 - INFO] Manager - Logged in successfully.
[08:38:35 - INFO] Manager - Loading master contracts
[08:38:38 - INFO] Manager - NSE F&O loaded 52169 contracts
[08:38:39 - INFO] Manager - NSE EQ loaded 1498 contracts
[08:38:39 - INFO] Manager - NSE Index loaded 55 contracts
[08:38:39 - INFO] Manager - Updated config file
[08:39:40 - INFO] Manager - Logged in successfully.
[08:39:40 - INFO] Manager - Loading master contracts
[08:39:45 - INFO] Manager - NSE F&O loaded 52169 contracts
[08:39:47 - INFO] Manager - NSE EQ loaded 1498 contracts
[08:39:48 - INFO] Manager - NSE Index loaded 55 contracts
[08:39:48 - INFO] Manager - Updated config file
[08:40:10 - INFO] Manager - Logged in successfully.
[08:40:10 - INFO] Manager - Loading master contracts
[08:40:16 - INFO] Manager - NSE F&O loaded 52169 contracts
[08:40:17 - INFO] Manager - NSE EQ loaded 1498 contracts
[08:40:18 - INFO] Manager - NSE Index loaded 55 contracts
[08:40:18 - INFO] Manager - Updated config file
[08:40:54 - INFO] Manager - Logged in successfully.
[08:40:54 - INFO] Manager - Loading master contracts
[08:41:00 - INFO] Manager - NSE F&O loaded 52169 contracts
[08:41:02 - INFO] Manager - NSE EQ loaded 1498 contracts
[08:41:03 - INFO] Manager - NSE Index loaded 55 contracts
[08:41:03 - INFO] Manager - Updated config file
[08:42:15 - INFO] Manager - Logged in successfully.
[08:42:15 - INFO] Manager - Loading master contracts
[08:42:19 - INFO] Manager - NSE F&O loaded 52169 contracts
[08:42:21 - INFO] Manager - NSE EQ loaded 1498 contracts
[08:42:22 - INFO] Manager - NSE Index loaded 55 contracts
[08:42:22 - INFO] Manager - Updated config file
[08:43:41 - INFO] Manager - Logged in successfully.
[08:43:41 - INFO] Manager - Loading master contracts
[08:43:44 - INFO] Manager - NSE F&O loaded 52169 contracts
[08:43:45 - INFO] Manager - NSE EQ loaded 1498 contracts
[08:43:46 - INFO] Manager - NSE Index loaded 55 contracts
[08:43:46 - INFO] Manager - Updated config file
[08:44:21 - INFO] Manager - Logged in successfully.
[08:44:21 - INFO] Manager - Loading master contracts
[08:44:25 - INFO] Manager - NSE F&O loaded 52169 contracts
[08:44:27 - INFO] Manager - NSE EQ loaded 1498 contracts
[08:44:27 - INFO] Manager - NSE Index loaded 55 contracts
[08:44:27 - INFO] Manager - Updated config file
[09:54:05 - INFO] Manager - Logged in successfully.
[09:54:05 - INFO] Manager - Loading master contracts
[09:54:08 - INFO] Manager - NSE F&O loaded 52169 contracts
[09:54:09 - INFO] Manager - NSE EQ loaded 1498 contracts
[09:54:10 - INFO] Manager - NSE Index loaded 55 contracts
[09:54:10 - INFO] Manager - Updated config file
[09:55:44 - INFO] Manager - Logged in successfully.
[09:55:44 - INFO] Manager - Loading master contracts
[09:55:51 - INFO] Manager - NSE F&O loaded 52169 contracts
[09:55:53 - INFO] Manager - NSE EQ loaded 1498 contracts
[09:55:53 - INFO] Manager - NSE Index loaded 55 contracts
[09:55:53 - INFO] Manager - Updated config file
[10:15:32 - INFO] Manager - Logged in successfully.
[10:15:32 - INFO] Manager - Loading master contracts
[10:15:42 - INFO] Manager - NSE F&O loaded 52169 contracts
[10:15:44 - INFO] Manager - NSE EQ loaded 1498 contracts
[10:15:45 - INFO] Manager - NSE Index loaded 55 contracts
[10:15:45 - INFO] Manager - Updated config file
[10:17:58 - INFO] Manager - Logged in successfully.
[10:17:58 - INFO] Manager - Loading master contracts
[10:18:09 - INFO] Manager - NSE F&O loaded 52169 contracts
[10:18:10 - INFO] Manager - NSE EQ loaded 1498 contracts
[10:18:11 - INFO] Manager - NSE Index loaded 55 contracts
[10:18:11 - INFO] Manager - Updated config file
[10:18:15 - INFO] Manager - Starting websocket
[10:18:29 - DEBUG] Manager - No update received in over 10 seconds
[10:18:29 - INFO] Manager - Reconnecting websocket
[10:18:30 - DEBUG] Manager - No update received in over 10 seconds
[10:18:30 - INFO] Manager - Reconnecting websocket
[10:18:31 - INFO] Manager - Websocket Disconnected
[10:18:31 - DEBUG] Manager - No update received in over 10 seconds
[10:18:31 - INFO] Manager - Reconnecting websocket
[10:18:32 - DEBUG] Manager - No update received in over 10 seconds
[10:18:32 - INFO] Manager - Reconnecting websocket
[10:18:32 - INFO] Manager - Websocket Disconnected
[10:18:33 - DEBUG] Manager - No update received in over 10 seconds
[10:18:33 - INFO] Manager - Reconnecting websocket
[10:18:33 - INFO] Manager - Websocket Disconnected
[10:18:34 - DEBUG] Manager - No update received in over 10 seconds
[10:18:34 - INFO] Manager - Reconnecting websocket
[10:18:34 - INFO] Manager - Websocket Disconnected
[10:18:35 - INFO] Manager - Websocket Disconnected
[10:18:35 - DEBUG] Manager - No update received in over 10 seconds
[10:18:35 - INFO] Manager - Reconnecting websocket
[10:18:35 - DEBUG] Manager - No update received in over 10 seconds
[10:18:35 - INFO] Manager - Reconnecting websocket
[10:18:36 - DEBUG] Manager - No update received in over 10 seconds
[10:18:36 - INFO] Manager - Reconnecting websocket
[10:18:36 - INFO] Manager - Websocket Disconnected
[10:18:36 - INFO] Manager - Websocket Disconnected
[10:18:37 - DEBUG] Manager - No update received in over 10 seconds
[10:18:37 - INFO] Manager - Reconnecting websocket
[10:18:37 - INFO] Manager - Websocket Disconnected
[10:18:37 - DEBUG] Manager - No update received in over 10 seconds
[10:18:37 - INFO] Manager - Reconnecting websocket
[10:18:38 - INFO] Manager - Websocket Disconnected
[10:18:38 - DEBUG] Manager - No update received in over 10 seconds
[10:18:38 - INFO] Manager - Reconnecting websocket
[10:18:38 - INFO] Manager - Websocket Disconnected
[10:18:38 - DEBUG] Manager - No update received in over 10 seconds
[10:18:38 - INFO] Manager - Reconnecting websocket
[10:18:39 - INFO] Manager - Websocket Disconnected
[10:18:39 - DEBUG] Manager - No update received in over 10 seconds
[10:18:39 - INFO] Manager - Reconnecting websocket
[10:18:39 - INFO] Manager - Websocket Disconnected
[10:18:40 - DEBUG] Manager - No update received in over 10 seconds
[10:18:40 - INFO] Manager - Reconnecting websocket
[10:18:40 - INFO] Manager - Websocket Disconnected
[10:18:40 - DEBUG] Manager - No update received in over 10 seconds
[10:18:40 - INFO] Manager - Reconnecting websocket
[10:18:41 - INFO] Manager - Websocket Disconnected
[10:18:41 - INFO] Manager - Forced exit by user
[10:33:01 - INFO] Manager - Logged in successfully.
[10:33:01 - INFO] Manager - Loading master contracts
[10:33:04 - INFO] Manager - NSE F&O loaded 52169 contracts
[10:33:06 - INFO] Manager - NSE EQ loaded 1498 contracts
[10:33:07 - INFO] Manager - NSE Index loaded 55 contracts
[10:33:07 - INFO] Manager - Updated config file
[10:33:11 - INFO] Manager - Starting websocket
[10:33:24 - DEBUG] Manager - No update received in over 10 seconds
[10:33:24 - INFO] Manager - Reconnecting websocket
[10:33:25 - DEBUG] Manager - No update received in over 10 seconds
[10:33:25 - INFO] Manager - Reconnecting websocket
[10:33:26 - INFO] Manager - Websocket Disconnected
[10:33:26 - DEBUG] Manager - No update received in over 10 seconds
[10:33:26 - INFO] Manager - Reconnecting websocket
[10:33:27 - DEBUG] Manager - No update received in over 10 seconds
[10:33:27 - INFO] Manager - Reconnecting websocket
[10:33:27 - INFO] Manager - Forced exit by user
[10:44:35 - INFO] Manager - Logged in successfully.
[10:44:35 - INFO] Manager - Loading master contracts
[10:44:38 - INFO] Manager - NSE F&O loaded 52169 contracts
[10:44:40 - INFO] Manager - NSE EQ loaded 1498 contracts
[10:44:40 - INFO] Manager - NSE Index loaded 55 contracts
[10:44:40 - INFO] Manager - Updated config file
[10:44:44 - INFO] Manager - Starting websocket
[10:44:57 - DEBUG] Manager - No update received in over 10 seconds
[10:44:57 - INFO] Manager - Reconnecting websocket
[10:44:58 - DEBUG] Manager - No update received in over 10 seconds
[10:44:58 - INFO] Manager - Reconnecting websocket
[10:45:00 - INFO] Manager - Websocket Disconnected
[10:45:00 - DEBUG] Manager - No update received in over 10 seconds
[10:45:00 - INFO] Manager - Reconnecting websocket
[10:45:00 - DEBUG] Manager - No update received in over 10 seconds
[10:45:00 - INFO] Manager - Reconnecting websocket
[10:45:01 - INFO] Manager - Websocket Disconnected
[10:45:01 - INFO] Manager - Websocket Disconnected
[10:45:01 - DEBUG] Manager - No update received in over 10 seconds
[10:45:01 - INFO] Manager - Reconnecting websocket
[10:45:02 - DEBUG] Manager - No update received in over 10 seconds
[10:45:02 - INFO] Manager - Reconnecting websocket
[10:45:02 - INFO] Manager - Websocket Disconnected
[10:45:03 - DEBUG] Manager - No update received in over 10 seconds
[10:45:03 - INFO] Manager - Reconnecting websocket
[10:45:03 - INFO] Manager - Websocket Disconnected
[10:45:04 - INFO] Manager - Websocket Disconnected
[10:45:04 - DEBUG] Manager - No update received in over 10 seconds
[10:45:04 - INFO] Manager - Reconnecting websocket
[10:45:04 - DEBUG] Manager - No update received in over 10 seconds
[10:45:04 - INFO] Manager - Reconnecting websocket
[10:45:05 - INFO] Manager - Websocket Disconnected
[10:45:05 - DEBUG] Manager - No update received in over 10 seconds
[10:45:05 - INFO] Manager - Reconnecting websocket
[10:45:05 - INFO] Manager - Websocket Disconnected
[10:45:06 - DEBUG] Manager - No update received in over 10 seconds
[10:45:06 - INFO] Manager - Reconnecting websocket
[10:45:06 - INFO] Manager - Websocket Disconnected
[10:45:07 - DEBUG] Manager - No update received in over 10 seconds
[10:45:07 - INFO] Manager - Reconnecting websocket
[10:45:07 - INFO] Manager - Websocket Disconnected
[10:45:08 - DEBUG] Manager - No update received in over 10 seconds
[10:45:08 - INFO] Manager - Reconnecting websocket
[10:45:08 - INFO] Manager - Websocket Disconnected
[10:45:08 - DEBUG] Manager - No update received in over 10 seconds
[10:45:08 - INFO] Manager - Reconnecting websocket
[10:45:09 - INFO] Manager - Websocket Disconnected
[10:45:09 - DEBUG] Manager - No update received in over 10 seconds
[10:45:09 - INFO] Manager - Reconnecting websocket
[10:45:09 - INFO] Manager - Websocket Disconnected
[10:45:09 - DEBUG] Manager - No update received in over 10 seconds
[10:45:09 - INFO] Manager - Reconnecting websocket
[10:45:10 - INFO] Manager - Websocket Disconnected
[10:45:10 - DEBUG] Manager - No update received in over 10 seconds
[10:45:10 - INFO] Manager - Reconnecting websocket
[10:45:11 - DEBUG] Manager - No update received in over 10 seconds
[10:45:11 - INFO] Manager - Reconnecting websocket
[10:45:11 - INFO] Manager - Websocket Disconnected
[10:45:11 - INFO] Manager - Websocket Disconnected
[10:45:11 - DEBUG] Manager - No update received in over 10 seconds
[10:45:11 - INFO] Manager - Reconnecting websocket
[10:45:12 - INFO] Manager - Websocket Disconnected
[10:45:12 - INFO] Manager - Websocket Disconnected
[10:45:13 - DEBUG] Manager - No update received in over 10 seconds
[10:45:13 - INFO] Manager - Reconnecting websocket
[10:45:13 - DEBUG] Manager - No update received in over 10 seconds
[10:45:13 - INFO] Manager - Reconnecting websocket
[10:45:14 - INFO] Manager - Websocket Disconnected
[10:45:14 - DEBUG] Manager - No update received in over 10 seconds
[10:45:14 - INFO] Manager - Reconnecting websocket
[10:45:14 - INFO] Manager - Websocket Disconnected
[10:45:15 - DEBUG] Manager - No update received in over 10 seconds
[10:45:15 - INFO] Manager - Reconnecting websocket
[10:45:15 - DEBUG] Manager - No update received in over 10 seconds
[10:45:15 - INFO] Manager - Reconnecting websocket
[10:45:15 - INFO] Manager - Websocket Disconnected
[10:45:16 - INFO] Manager - Websocket Disconnected
[10:45:16 - INFO] Manager - Websocket Disconnected
[10:45:16 - DEBUG] Manager - No update received in over 10 seconds
[10:45:16 - INFO] Manager - Reconnecting websocket
[10:45:17 - INFO] Manager - Websocket Disconnected
[10:45:18 - DEBUG] Manager - No update received in over 10 seconds
[10:45:18 - INFO] Manager - Reconnecting websocket
[10:45:18 - DEBUG] Manager - No update received in over 10 seconds
[10:45:18 - INFO] Manager - Reconnecting websocket
[10:45:18 - INFO] Manager - Websocket Disconnected
[10:45:19 - DEBUG] Manager - No update received in over 10 seconds
[10:45:19 - INFO] Manager - Reconnecting websocket
[10:45:20 - DEBUG] Manager - No update received in over 10 seconds
[10:45:20 - INFO] Manager - Reconnecting websocket
[10:45:20 - INFO] Manager - Websocket Disconnected
[10:45:20 - INFO] Manager - Forced exit by user
[10:50:57 - INFO] Manager - Logged in successfully.
[10:50:57 - INFO] Manager - Loading master contracts
[10:51:00 - INFO] Manager - NSE F&O loaded 52169 contracts
[10:51:02 - INFO] Manager - NSE EQ loaded 1498 contracts
[10:51:02 - INFO] Manager - NSE Index loaded 55 contracts
[10:51:02 - INFO] Manager - Updated config file
[10:51:07 - INFO] Manager - Starting websocket
[10:51:20 - DEBUG] Manager - No update received in over 10 seconds
[10:51:20 - INFO] Manager - Reconnecting websocket
[10:51:21 - DEBUG] Manager - No update received in over 10 seconds
[10:51:21 - INFO] Manager - Reconnecting websocket
[10:51:22 - INFO] Manager - Websocket Disconnected
[10:51:22 - DEBUG] Manager - No update received in over 10 seconds
[10:51:22 - INFO] Manager - Reconnecting websocket
[10:51:23 - INFO] Manager - Websocket Disconnected
[10:51:24 - DEBUG] Manager - No update received in over 10 seconds
[10:51:24 - INFO] Manager - Reconnecting websocket
[10:51:24 - DEBUG] Manager - No update received in over 10 seconds
[10:51:24 - INFO] Manager - Reconnecting websocket
[10:51:25 - INFO] Manager - Websocket Disconnected
[10:51:25 - DEBUG] Manager - No update received in over 10 seconds
[10:51:25 - INFO] Manager - Reconnecting websocket
[10:51:25 - INFO] Manager - Websocket Disconnected
[10:51:26 - INFO] Manager - Websocket Disconnected
[10:51:26 - DEBUG] Manager - No update received in over 10 seconds
[10:51:26 - INFO] Manager - Reconnecting websocket
[10:51:27 - DEBUG] Manager - No update received in over 10 seconds
[10:51:27 - INFO] Manager - Reconnecting websocket
[10:51:27 - INFO] Manager - Websocket Disconnected
[10:51:27 - DEBUG] Manager - No update received in over 10 seconds
[10:51:27 - INFO] Manager - Reconnecting websocket
[10:51:28 - INFO] Manager - Websocket Disconnected
[10:51:28 - DEBUG] Manager - No update received in over 10 seconds
[10:51:28 - INFO] Manager - Reconnecting websocket
[10:51:28 - INFO] Manager - Websocket Disconnected
[10:51:29 - DEBUG] Manager - No update received in over 10 seconds
[10:51:29 - INFO] Manager - Reconnecting websocket
[10:51:29 - INFO] Manager - Websocket Disconnected
[10:51:29 - DEBUG] Manager - No update received in over 10 seconds
[10:51:29 - INFO] Manager - Reconnecting websocket
[10:51:30 - INFO] Manager - Websocket Disconnected
[10:51:30 - DEBUG] Manager - No update received in over 10 seconds
[10:51:30 - INFO] Manager - Reconnecting websocket
[10:51:30 - INFO] Manager - Websocket Disconnected
[10:51:31 - DEBUG] Manager - No update received in over 10 seconds
[10:51:31 - INFO] Manager - Reconnecting websocket
[10:51:31 - INFO] Manager - Websocket Disconnected
[10:51:31 - DEBUG] Manager - No update received in over 10 seconds
[10:51:31 - INFO] Manager - Reconnecting websocket
[10:51:32 - INFO] Manager - Websocket Disconnected
[10:51:32 - DEBUG] Manager - No update received in over 10 seconds
[10:51:32 - INFO] Manager - Reconnecting websocket
[10:51:33 - INFO] Manager - Websocket Disconnected
[10:51:33 - INFO] Manager - Websocket Disconnected
[10:51:33 - DEBUG] Manager - No update received in over 10 seconds
[10:51:33 - INFO] Manager - Reconnecting websocket
[10:51:34 - DEBUG] Manager - No update received in over 10 seconds
[10:51:34 - INFO] Manager - Reconnecting websocket
[10:51:34 - INFO] Manager - Websocket Disconnected
[10:51:35 - DEBUG] Manager - No update received in over 10 seconds
[10:51:35 - INFO] Manager - Reconnecting websocket
[10:51:35 - INFO] Manager - Websocket Disconnected
[10:51:35 - DEBUG] Manager - No update received in over 10 seconds
[10:51:35 - INFO] Manager - Reconnecting websocket
[10:51:36 - INFO] Manager - Websocket Disconnected
[10:51:36 - DEBUG] Manager - No update received in over 10 seconds
[10:51:36 - INFO] Manager - Reconnecting websocket
[10:51:36 - INFO] Manager - Websocket Disconnected
[10:51:37 - DEBUG] Manager - No update received in over 10 seconds
[10:51:37 - INFO] Manager - Reconnecting websocket
[10:51:37 - INFO] Manager - Websocket Disconnected
[10:51:37 - DEBUG] Manager - No update received in over 10 seconds
[10:51:37 - INFO] Manager - Reconnecting websocket
[10:51:38 - INFO] Manager - Websocket Disconnected
[10:51:38 - DEBUG] Manager - No update received in over 10 seconds
[10:51:38 - INFO] Manager - Reconnecting websocket
[10:51:38 - INFO] Manager - Websocket Disconnected
[10:51:39 - DEBUG] Manager - No update received in over 10 seconds
[10:51:39 - INFO] Manager - Reconnecting websocket
[10:51:39 - INFO] Manager - Websocket Disconnected
[10:51:40 - DEBUG] Manager - No update received in over 10 seconds
[10:51:40 - INFO] Manager - Reconnecting websocket
[10:51:40 - INFO] Manager - Websocket Disconnected
[10:51:40 - DEBUG] Manager - No update received in over 10 seconds
[10:51:40 - INFO] Manager - Reconnecting websocket
[10:51:41 - INFO] Manager - Websocket Disconnected
[10:51:41 - DEBUG] Manager - No update received in over 10 seconds
[10:51:41 - INFO] Manager - Reconnecting websocket
[10:51:41 - INFO] Manager - Websocket Disconnected
[10:51:42 - DEBUG] Manager - No update received in over 10 seconds
[10:51:42 - INFO] Manager - Reconnecting websocket
[10:51:42 - INFO] Manager - Websocket Disconnected
[10:51:42 - DEBUG] Manager - No update received in over 10 seconds
[10:51:42 - INFO] Manager - Reconnecting websocket
[10:51:43 - INFO] Manager - Websocket Disconnected
[10:51:43 - DEBUG] Manager - No update received in over 10 seconds
[10:51:43 - INFO] Manager - Reconnecting websocket
[10:51:43 - INFO] Manager - Websocket Disconnected
[10:51:44 - INFO] Manager - Websocket Disconnected
[10:51:44 - DEBUG] Manager - No update received in over 10 seconds
[10:51:44 - INFO] Manager - Reconnecting websocket
[10:51:45 - DEBUG] Manager - No update received in over 10 seconds
[10:51:45 - INFO] Manager - Reconnecting websocket
[10:51:45 - INFO] Manager - Websocket Disconnected
[10:51:46 - DEBUG] Manager - No update received in over 10 seconds
[10:51:46 - INFO] Manager - Reconnecting websocket
[10:51:46 - INFO] Manager - Websocket Disconnected
[10:51:46 - DEBUG] Manager - No update received in over 10 seconds
[10:51:46 - INFO] Manager - Reconnecting websocket
[10:51:47 - INFO] Manager - Websocket Disconnected
[10:51:47 - DEBUG] Manager - No update received in over 10 seconds
[10:51:47 - INFO] Manager - Reconnecting websocket
[10:51:47 - INFO] Manager - Websocket Disconnected
[10:51:48 - DEBUG] Manager - No update received in over 10 seconds
[10:51:48 - INFO] Manager - Reconnecting websocket
[10:51:48 - INFO] Manager - Websocket Disconnected
[10:51:49 - INFO] Manager - Websocket Disconnected
[10:51:49 - DEBUG] Manager - No update received in over 10 seconds
[10:51:49 - INFO] Manager - Reconnecting websocket
[10:51:49 - DEBUG] Manager - No update received in over 10 seconds
[10:51:49 - INFO] Manager - Reconnecting websocket
[10:51:50 - INFO] Manager - Websocket Disconnected
[10:51:50 - DEBUG] Manager - No update received in over 10 seconds
[10:51:50 - INFO] Manager - Reconnecting websocket
[10:51:50 - INFO] Manager - Websocket Disconnected
[10:51:51 - DEBUG] Manager - No update received in over 10 seconds
[10:51:51 - INFO] Manager - Reconnecting websocket
[10:51:51 - INFO] Manager - Websocket Disconnected
[10:51:52 - INFO] Manager - Websocket Disconnected
[10:51:52 - DEBUG] Manager - No update received in over 10 seconds
[10:51:52 - INFO] Manager - Reconnecting websocket
[10:51:53 - DEBUG] Manager - No update received in over 10 seconds
[10:51:53 - INFO] Manager - Reconnecting websocket
[10:51:53 - INFO] Manager - Websocket Disconnected
[10:51:53 - DEBUG] Manager - No update received in over 10 seconds
[10:51:53 - INFO] Manager - Reconnecting websocket
[10:51:53 - INFO] Manager - Websocket Disconnected
[10:51:54 - DEBUG] Manager - No update received in over 10 seconds
[10:51:54 - INFO] Manager - Reconnecting websocket
[10:51:54 - INFO] Manager - Websocket Disconnected
[10:51:54 - DEBUG] Manager - No update received in over 10 seconds
[10:51:54 - INFO] Manager - Reconnecting websocket
[10:51:55 - INFO] Manager - Websocket Disconnected
[10:51:55 - DEBUG] Manager - No update received in over 10 seconds
[10:51:55 - INFO] Manager - Reconnecting websocket
[10:51:56 - DEBUG] Manager - No update received in over 10 seconds
[10:51:56 - INFO] Manager - Reconnecting websocket
[10:51:56 - INFO] Manager - Websocket Disconnected
[10:51:56 - INFO] Manager - Websocket Disconnected
[10:51:56 - DEBUG] Manager - No update received in over 10 seconds
[10:51:56 - INFO] Manager - Reconnecting websocket
[10:51:57 - INFO] Manager - Websocket Disconnected
[10:51:57 - DEBUG] Manager - No update received in over 10 seconds
[10:51:57 - INFO] Manager - Reconnecting websocket
[10:51:57 - INFO] Manager - Websocket Disconnected
[10:51:58 - DEBUG] Manager - No update received in over 10 seconds
[10:51:58 - INFO] Manager - Reconnecting websocket
[10:51:58 - INFO] Manager - Websocket Disconnected
[10:51:58 - DEBUG] Manager - No update received in over 10 seconds
[10:51:58 - INFO] Manager - Reconnecting websocket
[10:51:59 - INFO] Manager - Websocket Disconnected
[10:51:59 - INFO] Manager - Websocket Disconnected
[10:52:00 - DEBUG] Manager - No update received in over 10 seconds
[10:52:00 - INFO] Manager - Reconnecting websocket
[10:52:00 - DEBUG] Manager - No update received in over 10 seconds
[10:52:00 - INFO] Manager - Reconnecting websocket
[10:52:01 - INFO] Manager - Websocket Disconnected
[10:52:01 - DEBUG] Manager - No update received in over 10 seconds
[10:52:01 - INFO] Manager - Reconnecting websocket
[10:52:01 - INFO] Manager - Websocket Disconnected
[10:52:02 - DEBUG] Manager - No update received in over 10 seconds
[10:52:02 - INFO] Manager - Reconnecting websocket
[10:52:02 - INFO] Manager - Websocket Disconnected
[10:52:02 - DEBUG] Manager - No update received in over 10 seconds
[10:52:02 - INFO] Manager - Reconnecting websocket
[10:52:03 - INFO] Manager - Websocket Disconnected
[10:52:03 - DEBUG] Manager - No update received in over 10 seconds
[10:52:03 - INFO] Manager - Reconnecting websocket
[10:52:04 - INFO] Manager - Websocket Disconnected
[10:52:04 - DEBUG] Manager - No update received in over 10 seconds
[10:52:04 - INFO] Manager - Reconnecting websocket
[10:52:04 - INFO] Manager - Websocket Disconnected
[10:52:04 - DEBUG] Manager - No update received in over 10 seconds
[10:52:04 - INFO] Manager - Reconnecting websocket
[10:52:05 - DEBUG] Manager - No update received in over 10 seconds
[10:52:05 - INFO] Manager - Reconnecting websocket
[10:52:05 - INFO] Manager - Websocket Disconnected
[10:52:05 - INFO] Manager - Websocket Disconnected
[10:52:06 - DEBUG] Manager - No update received in over 10 seconds
[10:52:06 - INFO] Manager - Reconnecting websocket
[10:52:06 - INFO] Manager - Websocket Disconnected
[10:52:06 - DEBUG] Manager - No update received in over 10 seconds
[10:52:06 - INFO] Manager - Reconnecting websocket
[10:52:07 - INFO] Manager - Websocket Disconnected
[10:52:07 - DEBUG] Manager - No update received in over 10 seconds
[10:52:07 - INFO] Manager - Reconnecting websocket
[10:52:07 - INFO] Manager - Websocket Disconnected
[10:52:08 - DEBUG] Manager - No update received in over 10 seconds
[10:52:08 - INFO] Manager - Reconnecting websocket
[10:52:08 - DEBUG] Manager - No update received in over 10 seconds
[10:52:08 - INFO] Manager - Reconnecting websocket
[10:52:08 - INFO] Manager - Websocket Disconnected
[10:52:09 - INFO] Manager - Websocket Disconnected
[10:52:09 - DEBUG] Manager - No update received in over 10 seconds
[10:52:09 - INFO] Manager - Reconnecting websocket
[10:52:09 - INFO] Manager - Websocket Disconnected
[10:52:10 - DEBUG] Manager - No update received in over 10 seconds
[10:52:10 - INFO] Manager - Reconnecting websocket
[10:52:10 - INFO] Manager - Websocket Disconnected
[10:52:10 - DEBUG] Manager - No update received in over 10 seconds
[10:52:10 - INFO] Manager - Reconnecting websocket
[10:52:11 - DEBUG] Manager - No update received in over 10 seconds
[10:52:11 - INFO] Manager - Reconnecting websocket
[10:52:11 - INFO] Manager - Websocket Disconnected
[10:52:11 - INFO] Manager - Forced exit by user
[10:54:20 - INFO] Manager - Logged in successfully.
[10:54:20 - INFO] Manager - Loading master contracts
[10:54:24 - INFO] Manager - NSE F&O loaded 52169 contracts
[10:54:25 - INFO] Manager - NSE EQ loaded 1498 contracts
[10:54:26 - INFO] Manager - NSE Index loaded 55 contracts
[10:54:26 - INFO] Manager - Updated config file
[10:54:46 - INFO] Manager - Logged in successfully.
[10:54:46 - INFO] Manager - Loading master contracts
[10:54:48 - INFO] Manager - NSE F&O loaded 52169 contracts
[10:54:50 - INFO] Manager - NSE EQ loaded 1498 contracts
[10:54:51 - INFO] Manager - NSE Index loaded 55 contracts
[10:54:51 - INFO] Manager - Updated config file
[10:54:55 - INFO] Manager - Starting websocket
[10:55:10 - DEBUG] Manager - No update received in over 10 seconds
[10:55:10 - INFO] Manager - Reconnecting websocket
[10:55:11 - DEBUG] Manager - No update received in over 10 seconds
[10:55:11 - INFO] Manager - Reconnecting websocket
[10:55:12 - INFO] Manager - Websocket Disconnected
[10:55:12 - DEBUG] Manager - No update received in over 10 seconds
[10:55:12 - INFO] Manager - Reconnecting websocket
[10:55:13 - INFO] Manager - Websocket Disconnected
[10:55:13 - DEBUG] Manager - No update received in over 10 seconds
[10:55:13 - INFO] Manager - Reconnecting websocket
[10:55:14 - DEBUG] Manager - No update received in over 10 seconds
[10:55:14 - INFO] Manager - Reconnecting websocket
[10:55:15 - INFO] Manager - Websocket Disconnected
[10:55:15 - DEBUG] Manager - No update received in over 10 seconds
[10:55:15 - INFO] Manager - Reconnecting websocket
[10:55:15 - INFO] Manager - Websocket Disconnected
[10:55:16 - DEBUG] Manager - No update received in over 10 seconds
[10:55:16 - INFO] Manager - Reconnecting websocket
[10:55:16 - INFO] Manager - Websocket Disconnected
[10:55:16 - DEBUG] Manager - No update received in over 10 seconds
[10:55:16 - INFO] Manager - Reconnecting websocket
[10:55:17 - INFO] Manager - Websocket Disconnected
[10:55:17 - DEBUG] Manager - No update received in over 10 seconds
[10:55:17 - INFO] Manager - Reconnecting websocket
[10:55:17 - INFO] Manager - Websocket Disconnected
[10:55:18 - DEBUG] Manager - No update received in over 10 seconds
[10:55:18 - INFO] Manager - Reconnecting websocket
[10:55:18 - INFO] Manager - Websocket Disconnected
[10:55:19 - INFO] Manager - Websocket Disconnected
[10:55:19 - DEBUG] Manager - No update received in over 10 seconds
[10:55:19 - INFO] Manager - Reconnecting websocket
[10:55:20 - INFO] Manager - Forced exit by user
[10:57:08 - INFO] Manager - Logged in successfully.
[10:57:08 - INFO] Manager - Loading master contracts
[10:57:18 - INFO] Manager - NSE F&O loaded 52169 contracts
[10:57:20 - INFO] Manager - NSE EQ loaded 1498 contracts
[10:57:21 - INFO] Manager - NSE Index loaded 55 contracts
[10:57:21 - INFO] Manager - Updated config file
[10:57:28 - INFO] Manager - Starting websocket
[10:57:33 - INFO] Manager - Forced exit by user
[11:09:17 - INFO] Manager - Logged in successfully.
[11:09:17 - INFO] Manager - Loading master contracts
[11:09:20 - INFO] Manager - NSE F&O loaded 52169 contracts
[11:09:22 - INFO] Manager - NSE EQ loaded 1498 contracts
[11:09:22 - INFO] Manager - NSE Index loaded 55 contracts
[11:09:22 - INFO] Manager - Updated config file
[11:15:01 - INFO] Manager - Starting websocket
[11:15:19 - DEBUG] Manager - No update received in over 10 seconds
[11:15:19 - INFO] Manager - Reconnecting websocket
[11:15:20 - DEBUG] Manager - No update received in over 10 seconds
[11:15:20 - INFO] Manager - Reconnecting websocket
[11:15:21 - INFO] Manager - Websocket Disconnected
[11:15:21 - DEBUG] Manager - No update received in over 10 seconds
[11:15:21 - INFO] Manager - Reconnecting websocket
[11:15:22 - INFO] Manager - Websocket Disconnected
[11:15:22 - DEBUG] Manager - No update received in over 10 seconds
[11:15:22 - INFO] Manager - Reconnecting websocket
[11:15:23 - DEBUG] Manager - No update received in over 10 seconds
[11:15:23 - INFO] Manager - Reconnecting websocket
[11:15:24 - INFO] Manager - Websocket Disconnected
[11:15:24 - INFO] Manager - Websocket Disconnected
[11:15:24 - DEBUG] Manager - No update received in over 10 seconds
[11:15:24 - INFO] Manager - Reconnecting websocket
[11:15:25 - DEBUG] Manager - No update received in over 10 seconds
[11:15:25 - INFO] Manager - Reconnecting websocket
[11:15:25 - INFO] Manager - Websocket Disconnected
[11:15:25 - DEBUG] Manager - No update received in over 10 seconds
[11:15:25 - INFO] Manager - Reconnecting websocket
[11:15:26 - INFO] Manager - Websocket Disconnected
[11:15:26 - DEBUG] Manager - No update received in over 10 seconds
[11:15:26 - INFO] Manager - Reconnecting websocket
[11:15:27 - DEBUG] Manager - No update received in over 10 seconds
[11:15:27 - INFO] Manager - Reconnecting websocket
[11:15:27 - INFO] Manager - Websocket Disconnected
[11:15:27 - INFO] Manager - Websocket Disconnected
[11:15:28 - INFO] Manager - Websocket Disconnected
[11:15:28 - DEBUG] Manager - No update received in over 10 seconds
[11:15:28 - INFO] Manager - Reconnecting websocket
[11:15:28 - DEBUG] Manager - No update received in over 10 seconds
[11:15:28 - INFO] Manager - Reconnecting websocket
[11:15:29 - INFO] Manager - Websocket Disconnected
[11:15:29 - DEBUG] Manager - No update received in over 10 seconds
[11:15:29 - INFO] Manager - Reconnecting websocket
[11:15:30 - INFO] Manager - Websocket Disconnected
[11:15:30 - INFO] Manager - Websocket Disconnected
[11:15:30 - DEBUG] Manager - No update received in over 10 seconds
[11:15:30 - INFO] Manager - Reconnecting websocket
[11:15:31 - DEBUG] Manager - No update received in over 10 seconds
[11:15:31 - INFO] Manager - Reconnecting websocket
[11:15:31 - INFO] Manager - Websocket Disconnected
[11:15:31 - DEBUG] Manager - No update received in over 10 seconds
[11:15:31 - INFO] Manager - Reconnecting websocket
[11:15:32 - DEBUG] Manager - No update received in over 10 seconds
[11:15:32 - INFO] Manager - Reconnecting websocket
[11:15:32 - INFO] Manager - Websocket Disconnected
[11:15:33 - INFO] Manager - Websocket Disconnected
[11:15:33 - DEBUG] Manager - No update received in over 10 seconds
[11:15:33 - INFO] Manager - Reconnecting websocket
[11:15:33 - INFO] Manager - Websocket Disconnected
[11:15:33 - DEBUG] Manager - No update received in over 10 seconds
[11:15:33 - INFO] Manager - Reconnecting websocket
[11:15:34 - INFO] Manager - Websocket Disconnected
[11:15:34 - DEBUG] Manager - No update received in over 10 seconds
[11:15:34 - INFO] Manager - Reconnecting websocket
[11:15:34 - INFO] Manager - Websocket Disconnected
[11:15:35 - DEBUG] Manager - No update received in over 10 seconds
[11:15:35 - INFO] Manager - Reconnecting websocket
[11:15:35 - INFO] Manager - Websocket Disconnected
[11:15:35 - DEBUG] Manager - No update received in over 10 seconds
[11:15:35 - INFO] Manager - Reconnecting websocket
[11:15:36 - INFO] Manager - Websocket Disconnected
[11:15:36 - DEBUG] Manager - No update received in over 10 seconds
[11:15:36 - INFO] Manager - Reconnecting websocket
[11:15:37 - INFO] Manager - Websocket Disconnected
[11:15:37 - DEBUG] Manager - No update received in over 10 seconds
[11:15:37 - INFO] Manager - Reconnecting websocket
[11:15:38 - INFO] Manager - Websocket Disconnected
[11:15:38 - DEBUG] Manager - No update received in over 10 seconds
[11:15:38 - INFO] Manager - Reconnecting websocket
[11:15:38 - INFO] Manager - Websocket Disconnected
[11:15:38 - DEBUG] Manager - No update received in over 10 seconds
[11:15:38 - INFO] Manager - Reconnecting websocket
[11:15:39 - DEBUG] Manager - No update received in over 10 seconds
[11:15:39 - INFO] Manager - Reconnecting websocket
[11:15:39 - INFO] Manager - Websocket Disconnected
[11:15:39 - INFO] Manager - Websocket Disconnected
[11:15:40 - DEBUG] Manager - No update received in over 10 seconds
[11:15:40 - INFO] Manager - Reconnecting websocket
[11:15:40 - INFO] Manager - Websocket Disconnected
[11:15:40 - DEBUG] Manager - No update received in over 10 seconds
[11:15:40 - INFO] Manager - Reconnecting websocket
[11:15:41 - INFO] Manager - Websocket Disconnected
[11:15:41 - DEBUG] Manager - No update received in over 10 seconds
[11:15:41 - INFO] Manager - Reconnecting websocket
[11:15:41 - INFO] Manager - Websocket Disconnected
[11:15:42 - DEBUG] Manager - No update received in over 10 seconds
[11:15:42 - INFO] Manager - Reconnecting websocket
[11:15:42 - INFO] Manager - Websocket Disconnected
[11:15:42 - DEBUG] Manager - No update received in over 10 seconds
[11:15:42 - INFO] Manager - Reconnecting websocket
[11:15:42 - INFO] Manager - Websocket Disconnected
[11:15:43 - DEBUG] Manager - No update received in over 10 seconds
[11:15:43 - INFO] Manager - Reconnecting websocket
[11:15:43 - INFO] Manager - Websocket Disconnected
[11:15:44 - INFO] Manager - Websocket Disconnected
[11:15:44 - DEBUG] Manager - No update received in over 10 seconds
[11:15:44 - INFO] Manager - Reconnecting websocket
[11:15:45 - DEBUG] Manager - No update received in over 10 seconds
[11:15:45 - INFO] Manager - Reconnecting websocket
[11:15:45 - INFO] Manager - Websocket Disconnected
[11:15:45 - DEBUG] Manager - No update received in over 10 seconds
[11:15:45 - INFO] Manager - Reconnecting websocket
[11:15:46 - INFO] Manager - Websocket Disconnected
[11:15:46 - DEBUG] Manager - No update received in over 10 seconds
[11:15:46 - INFO] Manager - Reconnecting websocket
[11:15:46 - INFO] Manager - Websocket Disconnected
[11:15:46 - DEBUG] Manager - No update received in over 10 seconds
[11:15:46 - INFO] Manager - Reconnecting websocket
[11:15:47 - INFO] Manager - Websocket Disconnected
[11:15:47 - DEBUG] Manager - No update received in over 10 seconds
[11:15:47 - INFO] Manager - Reconnecting websocket
[11:15:47 - INFO] Manager - Websocket Disconnected
[11:15:48 - DEBUG] Manager - No update received in over 10 seconds
[11:15:48 - INFO] Manager - Reconnecting websocket
[11:15:48 - DEBUG] Manager - No update received in over 10 seconds
[11:15:48 - INFO] Manager - Reconnecting websocket
[11:15:48 - INFO] Manager - Websocket Disconnected
[11:15:49 - INFO] Manager - Websocket Disconnected
[11:15:49 - DEBUG] Manager - No update received in over 10 seconds
[11:15:49 - INFO] Manager - Reconnecting websocket
[11:15:49 - INFO] Manager - Websocket Disconnected
[11:15:50 - DEBUG] Manager - No update received in over 10 seconds
[11:15:50 - INFO] Manager - Reconnecting websocket
[11:15:50 - INFO] Manager - Websocket Disconnected
[11:15:50 - DEBUG] Manager - No update received in over 10 seconds
[11:15:50 - INFO] Manager - Reconnecting websocket
[11:15:51 - INFO] Manager - Websocket Disconnected
[11:15:51 - INFO] Manager - Websocket Disconnected
[11:15:51 - DEBUG] Manager - No update received in over 10 seconds
[11:15:51 - INFO] Manager - Reconnecting websocket
[11:15:52 - DEBUG] Manager - No update received in over 10 seconds
[11:15:52 - INFO] Manager - Reconnecting websocket
[11:15:52 - INFO] Manager - Websocket Disconnected
[11:15:53 - DEBUG] Manager - No update received in over 10 seconds
[11:15:53 - INFO] Manager - Reconnecting websocket
[11:15:53 - INFO] Manager - Websocket Disconnected
[11:15:53 - DEBUG] Manager - No update received in over 10 seconds
[11:15:53 - INFO] Manager - Reconnecting websocket
[11:15:54 - INFO] Manager - Websocket Disconnected
[11:15:54 - DEBUG] Manager - No update received in over 10 seconds
[11:15:54 - INFO] Manager - Reconnecting websocket
[11:15:54 - INFO] Manager - Websocket Disconnected
[11:15:55 - DEBUG] Manager - No update received in over 10 seconds
[11:15:55 - INFO] Manager - Reconnecting websocket
[11:15:55 - INFO] Manager - Websocket Disconnected
[11:15:56 - DEBUG] Manager - No update received in over 10 seconds
[11:15:56 - INFO] Manager - Reconnecting websocket
[11:15:56 - INFO] Manager - Websocket Disconnected
[11:15:56 - DEBUG] Manager - No update received in over 10 seconds
[11:15:56 - INFO] Manager - Reconnecting websocket
[11:15:57 - INFO] Manager - Websocket Disconnected
[11:15:57 - DEBUG] Manager - No update received in over 10 seconds
[11:15:57 - INFO] Manager - Reconnecting websocket
[11:15:57 - INFO] Manager - Websocket Disconnected
[11:15:58 - DEBUG] Manager - No update received in over 10 seconds
[11:15:58 - INFO] Manager - Reconnecting websocket
[11:15:58 - DEBUG] Manager - No update received in over 10 seconds
[11:15:58 - INFO] Manager - Reconnecting websocket
[11:15:58 - INFO] Manager - Websocket Disconnected
[11:15:59 - INFO] Manager - Websocket Disconnected
[11:15:59 - INFO] Manager - Websocket Disconnected
[11:15:59 - DEBUG] Manager - No update received in over 10 seconds
[11:15:59 - INFO] Manager - Reconnecting websocket
[11:16:00 - DEBUG] Manager - No update received in over 10 seconds
[11:16:00 - INFO] Manager - Reconnecting websocket
[11:16:00 - INFO] Manager - Websocket Disconnected
[11:16:01 - DEBUG] Manager - No update received in over 10 seconds
[11:16:01 - INFO] Manager - Reconnecting websocket
[11:16:01 - INFO] Manager - Websocket Disconnected
[11:16:01 - DEBUG] Manager - No update received in over 10 seconds
[11:16:01 - INFO] Manager - Reconnecting websocket
[11:16:02 - INFO] Manager - Websocket Disconnected
[11:16:02 - DEBUG] Manager - No update received in over 10 seconds
[11:16:02 - INFO] Manager - Reconnecting websocket
[11:16:02 - INFO] Manager - Websocket Disconnected
[11:16:03 - DEBUG] Manager - No update received in over 10 seconds
[11:16:03 - INFO] Manager - Reconnecting websocket
[11:16:03 - INFO] Manager - Websocket Disconnected
[11:16:03 - DEBUG] Manager - No update received in over 10 seconds
[11:16:03 - INFO] Manager - Reconnecting websocket
[11:16:04 - INFO] Manager - Websocket Disconnected
[11:16:04 - DEBUG] Manager - No update received in over 10 seconds
[11:16:04 - INFO] Manager - Reconnecting websocket
[11:16:04 - INFO] Manager - Websocket Disconnected
[11:16:04 - DEBUG] Manager - No update received in over 10 seconds
[11:16:04 - INFO] Manager - Reconnecting websocket
[11:16:05 - INFO] Manager - Websocket Disconnected
[11:16:06 - DEBUG] Manager - No update received in over 10 seconds
[11:16:06 - INFO] Manager - Reconnecting websocket
[11:16:06 - INFO] Manager - Websocket Disconnected
[11:16:06 - DEBUG] Manager - No update received in over 10 seconds
[11:16:06 - INFO] Manager - Reconnecting websocket
[11:16:07 - INFO] Manager - Websocket Disconnected
[11:16:07 - DEBUG] Manager - No update received in over 10 seconds
[11:16:07 - INFO] Manager - Reconnecting websocket
[11:16:07 - DEBUG] Manager - No update received in over 10 seconds
[11:16:07 - INFO] Manager - Reconnecting websocket
[11:16:08 - INFO] Manager - Websocket Disconnected
[11:16:08 - INFO] Manager - Websocket Disconnected
[11:16:08 - DEBUG] Manager - No update received in over 10 seconds
[11:16:08 - INFO] Manager - Reconnecting websocket
[11:16:09 - DEBUG] Manager - No update received in over 10 seconds
[11:16:09 - INFO] Manager - Reconnecting websocket
[11:16:09 - INFO] Manager - Websocket Disconnected
[11:16:09 - INFO] Manager - Websocket Disconnected
[11:16:09 - DEBUG] Manager - No update received in over 10 seconds
[11:16:09 - INFO] Manager - Reconnecting websocket
[11:16:10 - INFO] Manager - Websocket Disconnected
[11:16:10 - DEBUG] Manager - No update received in over 10 seconds
[11:16:10 - INFO] Manager - Reconnecting websocket
[11:16:11 - DEBUG] Manager - No update received in over 10 seconds
[11:16:11 - INFO] Manager - Reconnecting websocket
[11:16:11 - INFO] Manager - Websocket Disconnected
[11:16:11 - INFO] Manager - Websocket Disconnected
[11:16:11 - DEBUG] Manager - No update received in over 10 seconds
[11:16:11 - INFO] Manager - Reconnecting websocket
[11:16:12 - INFO] Manager - Websocket Disconnected
[11:16:12 - DEBUG] Manager - No update received in over 10 seconds
[11:16:12 - INFO] Manager - Reconnecting websocket
[11:16:12 - INFO] Manager - Websocket Disconnected
[11:16:13 - DEBUG] Manager - No update received in over 10 seconds
[11:16:13 - INFO] Manager - Reconnecting websocket
[11:16:13 - DEBUG] Manager - No update received in over 10 seconds
[11:16:13 - INFO] Manager - Reconnecting websocket
[11:16:13 - INFO] Manager - Websocket Disconnected
[11:16:13 - INFO] Manager - Websocket Disconnected
[11:16:14 - DEBUG] Manager - No update received in over 10 seconds
[11:16:14 - INFO] Manager - Reconnecting websocket
[11:16:14 - INFO] Manager - Websocket Disconnected
[11:16:14 - DEBUG] Manager - No update received in over 10 seconds
[11:16:14 - INFO] Manager - Reconnecting websocket
[11:16:15 - INFO] Manager - Websocket Disconnected
[11:16:15 - DEBUG] Manager - No update received in over 10 seconds
[11:16:15 - INFO] Manager - Reconnecting websocket
[11:16:15 - INFO] Manager - Websocket Disconnected
[11:16:16 - DEBUG] Manager - No update received in over 10 seconds
[11:16:16 - INFO] Manager - Reconnecting websocket
[11:16:16 - INFO] Manager - Websocket Disconnected
[11:16:16 - DEBUG] Manager - No update received in over 10 seconds
[11:16:16 - INFO] Manager - Reconnecting websocket
[11:16:17 - INFO] Manager - Websocket Disconnected
[11:16:17 - DEBUG] Manager - No update received in over 10 seconds
[11:16:17 - INFO] Manager - Reconnecting websocket
[11:16:18 - DEBUG] Manager - No update received in over 10 seconds
[11:16:18 - INFO] Manager - Reconnecting websocket
[11:16:18 - INFO] Manager - Websocket Disconnected
[11:16:18 - INFO] Manager - Websocket Disconnected
[11:16:18 - DEBUG] Manager - No update received in over 10 seconds
[11:16:18 - INFO] Manager - Reconnecting websocket
[11:16:19 - INFO] Manager - Websocket Disconnected
[11:16:19 - DEBUG] Manager - No update received in over 10 seconds
[11:16:19 - INFO] Manager - Reconnecting websocket
[11:16:19 - INFO] Manager - Websocket Disconnected
[11:16:20 - DEBUG] Manager - No update received in over 10 seconds
[11:16:20 - INFO] Manager - Reconnecting websocket
[11:16:20 - INFO] Manager - Websocket Disconnected
[11:16:20 - DEBUG] Manager - No update received in over 10 seconds
[11:16:20 - INFO] Manager - Reconnecting websocket
[11:16:21 - INFO] Manager - Websocket Disconnected
[11:16:21 - DEBUG] Manager - No update received in over 10 seconds
[11:16:21 - INFO] Manager - Reconnecting websocket
[11:16:21 - INFO] Manager - Websocket Disconnected
[11:16:21 - DEBUG] Manager - No update received in over 10 seconds
[11:16:21 - INFO] Manager - Reconnecting websocket
[11:16:22 - INFO] Manager - Websocket Disconnected
[11:16:22 - DEBUG] Manager - No update received in over 10 seconds
[11:16:22 - INFO] Manager - Reconnecting websocket
[11:16:23 - INFO] Manager - Websocket Disconnected
[11:16:23 - DEBUG] Manager - No update received in over 10 seconds
[11:16:23 - INFO] Manager - Reconnecting websocket
[11:16:23 - INFO] Manager - Websocket Disconnected
[11:16:23 - DEBUG] Manager - No update received in over 10 seconds
[11:16:23 - INFO] Manager - Reconnecting websocket
[11:16:24 - INFO] Manager - Websocket Disconnected
[11:16:24 - DEBUG] Manager - No update received in over 10 seconds
[11:16:24 - INFO] Manager - Reconnecting websocket
[11:16:24 - INFO] Manager - Websocket Disconnected
[11:16:25 - DEBUG] Manager - No update received in over 10 seconds
[11:16:25 - INFO] Manager - Reconnecting websocket
[11:16:25 - INFO] Manager - Websocket Disconnected
[11:16:25 - DEBUG] Manager - No update received in over 10 seconds
[11:16:25 - INFO] Manager - Reconnecting websocket
[11:16:26 - INFO] Manager - Websocket Disconnected
[11:16:26 - DEBUG] Manager - No update received in over 10 seconds
[11:16:26 - INFO] Manager - Reconnecting websocket
[11:16:27 - DEBUG] Manager - No update received in over 10 seconds
[11:16:27 - INFO] Manager - Reconnecting websocket
[11:16:27 - INFO] Manager - Websocket Disconnected
[11:16:27 - INFO] Manager - Websocket Disconnected
[11:16:28 - DEBUG] Manager - No update received in over 10 seconds
[11:16:28 - INFO] Manager - Reconnecting websocket
[11:16:28 - INFO] Manager - Websocket Disconnected
[11:16:28 - DEBUG] Manager - No update received in over 10 seconds
[11:16:28 - INFO] Manager - Reconnecting websocket
[11:16:29 - INFO] Manager - Websocket Disconnected
[11:16:29 - INFO] Manager - Websocket Disconnected
[11:16:30 - DEBUG] Manager - No update received in over 10 seconds
[11:16:30 - INFO] Manager - Reconnecting websocket
[11:16:30 - DEBUG] Manager - No update received in over 10 seconds
[11:16:30 - INFO] Manager - Reconnecting websocket
[11:16:31 - INFO] Manager - Websocket Disconnected
[11:16:31 - DEBUG] Manager - No update received in over 10 seconds
[11:16:31 - INFO] Manager - Reconnecting websocket
[11:16:31 - INFO] Manager - Websocket Disconnected
[11:16:31 - DEBUG] Manager - No update received in over 10 seconds
[11:16:31 - INFO] Manager - Reconnecting websocket
[11:16:32 - INFO] Manager - Websocket Disconnected
[11:16:32 - DEBUG] Manager - No update received in over 10 seconds
[11:16:32 - INFO] Manager - Reconnecting websocket
[11:16:33 - DEBUG] Manager - No update received in over 10 seconds
[11:16:33 - INFO] Manager - Websocket Disconnected
[11:16:33 - INFO] Manager - Reconnecting websocket
[11:16:33 - INFO] Manager - Websocket Disconnected
[11:16:33 - DEBUG] Manager - No update received in over 10 seconds
[11:16:33 - INFO] Manager - Reconnecting websocket
[11:16:34 - DEBUG] Manager - No update received in over 10 seconds
[11:16:34 - INFO] Manager - Reconnecting websocket
[11:16:34 - INFO] Manager - Websocket Disconnected
[11:16:34 - INFO] Manager - Websocket Disconnected
[11:16:35 - DEBUG] Manager - No update received in over 10 seconds
[11:16:35 - INFO] Manager - Reconnecting websocket
[11:16:35 - INFO] Manager - Websocket Disconnected
[11:16:35 - DEBUG] Manager - No update received in over 10 seconds
[11:16:35 - INFO] Manager - Reconnecting websocket
[11:16:36 - INFO] Manager - Websocket Disconnected
[11:16:36 - INFO] Manager - Websocket Disconnected
[11:16:36 - DEBUG] Manager - No update received in over 10 seconds
[11:16:36 - INFO] Manager - Reconnecting websocket
[11:16:37 - DEBUG] Manager - No update received in over 10 seconds
[11:16:37 - INFO] Manager - Reconnecting websocket
[11:16:37 - INFO] Manager - Websocket Disconnected
[11:16:38 - DEBUG] Manager - No update received in over 10 seconds
[11:16:38 - INFO] Manager - Reconnecting websocket
[11:16:38 - DEBUG] Manager - No update received in over 10 seconds
[11:16:38 - INFO] Manager - Reconnecting websocket
[11:16:38 - INFO] Manager - Websocket Disconnected
[11:16:39 - INFO] Manager - Websocket Disconnected
[11:16:39 - DEBUG] Manager - No update received in over 10 seconds
[11:16:39 - INFO] Manager - Reconnecting websocket
[11:16:39 - INFO] Manager - Websocket Disconnected
[11:16:40 - DEBUG] Manager - No update received in over 10 seconds
[11:16:40 - INFO] Manager - Reconnecting websocket
[11:16:40 - INFO] Manager - Websocket Disconnected
[11:16:40 - DEBUG] Manager - No update received in over 10 seconds
[11:16:40 - INFO] Manager - Reconnecting websocket
[11:16:41 - INFO] Manager - Websocket Disconnected
[11:16:41 - DEBUG] Manager - No update received in over 10 seconds
[11:16:41 - INFO] Manager - Reconnecting websocket
[11:16:41 - DEBUG] Manager - No update received in over 10 seconds
[11:16:41 - INFO] Manager - Reconnecting websocket
[11:16:42 - INFO] Manager - Websocket Disconnected
[11:16:42 - INFO] Manager - Websocket Disconnected
[11:16:42 - DEBUG] Manager - No update received in over 10 seconds
[11:16:42 - INFO] Manager - Reconnecting websocket
[11:16:43 - DEBUG] Manager - No update received in over 10 seconds
[11:16:43 - INFO] Manager - Reconnecting websocket
[11:16:43 - INFO] Manager - Websocket Disconnected
[11:16:43 - DEBUG] Manager - No update received in over 10 seconds
[11:16:43 - INFO] Manager - Reconnecting websocket
[11:16:43 - INFO] Manager - Websocket Disconnected
[11:16:44 - INFO] Manager - Websocket Disconnected
[11:16:44 - DEBUG] Manager - No update received in over 10 seconds
[11:16:44 - INFO] Manager - Reconnecting websocket
[11:16:45 - DEBUG] Manager - No update received in over 10 seconds
[11:16:45 - INFO] Manager - Reconnecting websocket
[11:16:45 - INFO] Manager - Websocket Disconnected
[11:16:45 - INFO] Manager - Websocket Disconnected
[11:16:46 - INFO] Manager - Websocket Disconnected
[11:16:46 - DEBUG] Manager - No update received in over 10 seconds
[11:16:46 - INFO] Manager - Reconnecting websocket
[11:16:46 - DEBUG] Manager - No update received in over 10 seconds
[11:16:46 - INFO] Manager - Reconnecting websocket
[11:16:47 - INFO] Manager - Websocket Disconnected
[11:16:47 - DEBUG] Manager - No update received in over 10 seconds
[11:16:47 - INFO] Manager - Reconnecting websocket
[11:16:48 - DEBUG] Manager - No update received in over 10 seconds
[11:16:48 - INFO] Manager - Reconnecting websocket
[11:16:48 - INFO] Manager - Websocket Disconnected
[11:16:48 - INFO] Manager - Websocket Disconnected
[11:16:48 - DEBUG] Manager - No update received in over 10 seconds
[11:16:48 - INFO] Manager - Reconnecting websocket
[11:16:49 - INFO] Manager - Websocket Disconnected
[11:16:49 - DEBUG] Manager - No update received in over 10 seconds
[11:16:49 - INFO] Manager - Reconnecting websocket
[11:16:49 - INFO] Manager - Websocket Disconnected
[11:16:50 - DEBUG] Manager - No update received in over 10 seconds
[11:16:50 - INFO] Manager - Reconnecting websocket
[11:16:50 - INFO] Manager - Websocket Disconnected
[11:16:50 - DEBUG] Manager - No update received in over 10 seconds
[11:16:50 - INFO] Manager - Reconnecting websocket
[11:16:51 - DEBUG] Manager - No update received in over 10 seconds
[11:16:51 - INFO] Manager - Reconnecting websocket
[11:16:51 - INFO] Manager - Websocket Disconnected
[11:16:51 - INFO] Manager - Websocket Disconnected
[11:16:52 - DEBUG] Manager - No update received in over 10 seconds
[11:16:52 - INFO] Manager - Reconnecting websocket
[11:16:52 - INFO] Manager - Websocket Disconnected
[11:16:52 - DEBUG] Manager - No update received in over 10 seconds
[11:16:52 - INFO] Manager - Reconnecting websocket
[11:16:53 - INFO] Manager - Websocket Disconnected
[11:16:53 - DEBUG] Manager - No update received in over 10 seconds
[11:16:53 - INFO] Manager - Reconnecting websocket
[11:16:53 - INFO] Manager - Websocket Disconnected
[11:16:54 - INFO] Manager - Websocket Disconnected
[11:16:54 - DEBUG] Manager - No update received in over 10 seconds
[11:16:54 - INFO] Manager - Reconnecting websocket
[11:16:55 - DEBUG] Manager - No update received in over 10 seconds
[11:16:55 - INFO] Manager - Reconnecting websocket
[11:16:56 - INFO] Manager - Websocket Disconnected
[11:16:56 - INFO] Manager - Websocket Disconnected
[11:16:56 - DEBUG] Manager - No update received in over 10 seconds
[11:16:56 - INFO] Manager - Reconnecting websocket
[11:16:57 - DEBUG] Manager - No update received in over 10 seconds
[11:16:57 - INFO] Manager - Reconnecting websocket
[11:16:57 - INFO] Manager - Websocket Disconnected
[11:16:58 - DEBUG] Manager - No update received in over 10 seconds
[11:16:58 - INFO] Manager - Reconnecting websocket
[11:16:58 - INFO] Manager - Websocket Disconnected
[11:16:58 - DEBUG] Manager - No update received in over 10 seconds
[11:16:58 - INFO] Manager - Reconnecting websocket
[11:16:59 - INFO] Manager - Websocket Disconnected
[11:16:59 - INFO] Manager - Websocket Disconnected
[11:16:59 - DEBUG] Manager - No update received in over 10 seconds
[11:16:59 - INFO] Manager - Reconnecting websocket
[11:17:00 - DEBUG] Manager - No update received in over 10 seconds
[11:17:00 - INFO] Manager - Reconnecting websocket
[11:17:00 - INFO] Manager - Websocket Disconnected
[11:17:01 - DEBUG] Manager - No update received in over 10 seconds
[11:17:01 - INFO] Manager - Reconnecting websocket
[11:17:01 - INFO] Manager - Websocket Disconnected
[11:17:02 - INFO] Manager - Websocket Disconnected
[11:17:02 - DEBUG] Manager - No update received in over 10 seconds
[11:17:02 - INFO] Manager - Reconnecting websocket
[11:17:03 - DEBUG] Manager - No update received in over 10 seconds
[11:17:03 - INFO] Manager - Reconnecting websocket
[11:17:03 - INFO] Manager - Websocket Disconnected
[11:17:03 - DEBUG] Manager - No update received in over 10 seconds
[11:17:03 - INFO] Manager - Reconnecting websocket
[11:17:04 - INFO] Manager - Websocket Disconnected
[11:17:04 - DEBUG] Manager - No update received in over 10 seconds
[11:17:04 - INFO] Manager - Reconnecting websocket
[11:17:04 - DEBUG] Manager - No update received in over 10 seconds
[11:17:04 - INFO] Manager - Reconnecting websocket
[11:17:05 - INFO] Manager - Websocket Disconnected
[11:17:05 - INFO] Manager - Websocket Disconnected
[11:17:05 - DEBUG] Manager - No update received in over 10 seconds
[11:17:05 - INFO] Manager - Reconnecting websocket
[11:17:06 - INFO] Manager - Websocket Disconnected
[11:17:06 - DEBUG] Manager - No update received in over 10 seconds
[11:17:06 - INFO] Manager - Reconnecting websocket
[11:17:06 - INFO] Manager - Websocket Disconnected
[11:17:06 - DEBUG] Manager - No update received in over 10 seconds
[11:17:06 - INFO] Manager - Reconnecting websocket
[11:17:07 - INFO] Manager - Websocket Disconnected
[11:17:07 - DEBUG] Manager - No update received in over 10 seconds
[11:17:07 - INFO] Manager - Reconnecting websocket
[11:17:08 - INFO] Manager - Websocket Disconnected
[11:17:08 - DEBUG] Manager - No update received in over 10 seconds
[11:17:08 - INFO] Manager - Reconnecting websocket
[11:17:08 - INFO] Manager - Websocket Disconnected
[11:17:08 - DEBUG] Manager - No update received in over 10 seconds
[11:17:08 - INFO] Manager - Reconnecting websocket
[11:17:09 - DEBUG] Manager - No update received in over 10 seconds
[11:17:09 - INFO] Manager - Reconnecting websocket
[11:17:09 - INFO] Manager - Websocket Disconnected
[11:17:09 - INFO] Manager - Websocket Disconnected
[11:17:10 - INFO] Manager - Websocket Disconnected
[11:17:10 - DEBUG] Manager - No update received in over 10 seconds
[11:17:10 - INFO] Manager - Reconnecting websocket
[11:17:11 - DEBUG] Manager - No update received in over 10 seconds
[11:17:11 - INFO] Manager - Reconnecting websocket
[11:17:11 - INFO] Manager - Websocket Disconnected
[11:17:12 - DEBUG] Manager - No update received in over 10 seconds
[11:17:12 - INFO] Manager - Reconnecting websocket
[11:17:12 - INFO] Manager - Websocket Disconnected
[11:17:12 - DEBUG] Manager - No update received in over 10 seconds
[11:17:12 - INFO] Manager - Reconnecting websocket
[11:17:13 - INFO] Manager - Websocket Disconnected
[11:17:13 - DEBUG] Manager - No update received in over 10 seconds
[11:17:13 - INFO] Manager - Reconnecting websocket
[11:17:13 - INFO] Manager - Websocket Disconnected
[11:17:14 - DEBUG] Manager - No update received in over 10 seconds
[11:17:14 - INFO] Manager - Reconnecting websocket
[11:17:14 - INFO] Manager - Websocket Disconnected
[11:17:14 - DEBUG] Manager - No update received in over 10 seconds
[11:17:14 - INFO] Manager - Reconnecting websocket
[11:17:15 - DEBUG] Manager - No update received in over 10 seconds
[11:17:15 - INFO] Manager - Reconnecting websocket
[11:17:15 - INFO] Manager - Websocket Disconnected
[11:17:15 - INFO] Manager - Websocket Disconnected
[11:17:15 - DEBUG] Manager - No update received in over 10 seconds
[11:17:15 - INFO] Manager - Reconnecting websocket
[11:17:16 - INFO] Manager - Websocket Disconnected
[11:17:16 - DEBUG] Manager - No update received in over 10 seconds
[11:17:16 - INFO] Manager - Reconnecting websocket
[11:17:17 - DEBUG] Manager - No update received in over 10 seconds
[11:17:17 - INFO] Manager - Reconnecting websocket
[11:17:17 - INFO] Manager - Websocket Disconnected
[11:17:17 - INFO] Manager - Websocket Disconnected
[11:17:17 - DEBUG] Manager - No update received in over 10 seconds
[11:17:17 - INFO] Manager - Reconnecting websocket
[11:17:18 - INFO] Manager - Websocket Disconnected
[11:17:18 - DEBUG] Manager - No update received in over 10 seconds
[11:17:18 - INFO] Manager - Reconnecting websocket
[11:17:18 - INFO] Manager - Websocket Disconnected
[11:17:19 - DEBUG] Manager - No update received in over 10 seconds
[11:17:19 - INFO] Manager - Reconnecting websocket
[11:17:19 - INFO] Manager - Websocket Disconnected
[11:17:19 - DEBUG] Manager - No update received in over 10 seconds
[11:17:19 - INFO] Manager - Reconnecting websocket
[11:17:20 - INFO] Manager - Websocket Disconnected
[11:17:20 - DEBUG] Manager - No update received in over 10 seconds
[11:17:20 - INFO] Manager - Reconnecting websocket
[11:17:20 - INFO] Manager - Websocket Disconnected
[11:17:21 - DEBUG] Manager - No update received in over 10 seconds
[11:17:21 - INFO] Manager - Reconnecting websocket
[11:17:21 - INFO] Manager - Websocket Disconnected
[11:17:22 - DEBUG] Manager - No update received in over 10 seconds
[11:17:22 - INFO] Manager - Reconnecting websocket
[11:17:22 - INFO] Manager - Websocket Disconnected
[11:17:22 - DEBUG] Manager - No update received in over 10 seconds
[11:17:22 - INFO] Manager - Reconnecting websocket
[11:17:23 - INFO] Manager - Websocket Disconnected
[11:17:23 - DEBUG] Manager - No update received in over 10 seconds
[11:17:23 - INFO] Manager - Reconnecting websocket
[11:17:23 - INFO] Manager - Websocket Disconnected
[11:17:24 - DEBUG] Manager - No update received in over 10 seconds
[11:17:24 - INFO] Manager - Reconnecting websocket
[11:17:24 - INFO] Manager - Websocket Disconnected
[11:17:24 - DEBUG] Manager - No update received in over 10 seconds
[11:17:24 - INFO] Manager - Reconnecting websocket
[11:17:25 - INFO] Manager - Websocket Disconnected
[11:17:26 - DEBUG] Manager - No update received in over 10 seconds
[11:17:26 - INFO] Manager - Reconnecting websocket
[11:17:26 - INFO] Manager - Websocket Disconnected
[11:17:26 - DEBUG] Manager - No update received in over 10 seconds
[11:17:26 - INFO] Manager - Reconnecting websocket
[11:17:27 - DEBUG] Manager - No update received in over 10 seconds
[11:17:27 - INFO] Manager - Reconnecting websocket
[11:17:27 - INFO] Manager - Websocket Disconnected
[11:17:27 - INFO] Manager - Websocket Disconnected
[11:17:27 - DEBUG] Manager - No update received in over 10 seconds
[11:17:27 - INFO] Manager - Reconnecting websocket
[11:17:28 - INFO] Manager - Websocket Disconnected
[11:17:29 - INFO] Manager - Websocket Disconnected
[11:17:29 - DEBUG] Manager - No update received in over 10 seconds
[11:17:29 - INFO] Manager - Reconnecting websocket
[11:17:29 - DEBUG] Manager - No update received in over 10 seconds
[11:17:29 - INFO] Manager - Reconnecting websocket
[11:17:30 - DEBUG] Manager - No update received in over 10 seconds
[11:17:30 - INFO] Manager - Reconnecting websocket
[11:17:30 - INFO] Manager - Websocket Disconnected
[11:17:30 - INFO] Manager - Websocket Disconnected
[11:17:31 - DEBUG] Manager - No update received in over 10 seconds
[11:17:31 - INFO] Manager - Reconnecting websocket
[11:17:31 - INFO] Manager - Websocket Disconnected
[11:17:31 - DEBUG] Manager - No update received in over 10 seconds
[11:17:31 - INFO] Manager - Reconnecting websocket
[11:17:32 - INFO] Manager - Websocket Disconnected
[11:17:32 - DEBUG] Manager - No update received in over 10 seconds
[11:17:32 - INFO] Manager - Reconnecting websocket
[11:17:33 - INFO] Manager - Websocket Disconnected
[11:17:33 - DEBUG] Manager - No update received in over 10 seconds
[11:17:33 - INFO] Manager - Reconnecting websocket
[11:17:33 - INFO] Manager - Websocket Disconnected
[11:17:33 - DEBUG] Manager - No update received in over 10 seconds
[11:17:33 - INFO] Manager - Reconnecting websocket
[11:17:34 - INFO] Manager - Websocket Disconnected
[11:17:34 - INFO] Manager - Websocket Disconnected
[11:17:34 - DEBUG] Manager - No update received in over 10 seconds
[11:17:34 - INFO] Manager - Reconnecting websocket
[11:17:35 - DEBUG] Manager - No update received in over 10 seconds
[11:17:35 - INFO] Manager - Reconnecting websocket
[11:17:36 - DEBUG] Manager - No update received in over 10 seconds
[11:17:36 - INFO] Manager - Reconnecting websocket
[11:17:36 - INFO] Manager - Websocket Disconnected
[11:17:36 - INFO] Manager - Websocket Disconnected
[11:17:36 - DEBUG] Manager - No update received in over 10 seconds
[11:17:36 - INFO] Manager - Reconnecting websocket
[11:17:37 - INFO] Manager - Websocket Disconnected
[11:17:37 - DEBUG] Manager - No update received in over 10 seconds
[11:17:37 - INFO] Manager - Reconnecting websocket
[11:17:37 - INFO] Manager - Websocket Disconnected
[11:17:38 - DEBUG] Manager - No update received in over 10 seconds
[11:17:38 - INFO] Manager - Reconnecting websocket
[11:17:38 - INFO] Manager - Websocket Disconnected
[11:17:38 - DEBUG] Manager - No update received in over 10 seconds
[11:17:38 - INFO] Manager - Reconnecting websocket
[11:17:39 - INFO] Manager - Websocket Disconnected
[11:17:39 - DEBUG] Manager - No update received in over 10 seconds
[11:17:39 - INFO] Manager - Reconnecting websocket
[11:17:39 - INFO] Manager - Websocket Disconnected
[11:17:40 - DEBUG] Manager - No update received in over 10 seconds
[11:17:40 - INFO] Manager - Reconnecting websocket
[11:17:40 - INFO] Manager - Websocket Disconnected
[11:17:41 - DEBUG] Manager - No update received in over 10 seconds
[11:17:41 - INFO] Manager - Reconnecting websocket
[11:17:41 - INFO] Manager - Websocket Disconnected
[11:17:42 - DEBUG] Manager - No update received in over 10 seconds
[11:17:42 - INFO] Manager - Reconnecting websocket
[11:17:42 - DEBUG] Manager - No update received in over 10 seconds
[11:17:42 - INFO] Manager - Reconnecting websocket
[11:17:42 - INFO] Manager - Websocket Disconnected
[11:17:43 - INFO] Manager - Websocket Disconnected
[11:17:43 - DEBUG] Manager - No update received in over 10 seconds
[11:17:43 - INFO] Manager - Reconnecting websocket
[11:17:43 - INFO] Manager - Websocket Disconnected
[11:17:43 - DEBUG] Manager - No update received in over 10 seconds
[11:17:43 - INFO] Manager - Reconnecting websocket
[11:17:44 - INFO] Manager - Websocket Disconnected
[11:17:44 - DEBUG] Manager - No update received in over 10 seconds
[11:17:44 - INFO] Manager - Reconnecting websocket
[11:17:44 - INFO] Manager - Websocket Disconnected
[11:17:45 - DEBUG] Manager - No update received in over 10 seconds
[11:17:45 - INFO] Manager - Reconnecting websocket
[11:17:45 - INFO] Manager - Websocket Disconnected
[11:17:46 - INFO] Manager - Websocket Disconnected
[11:17:46 - DEBUG] Manager - No update received in over 10 seconds
[11:17:46 - INFO] Manager - Reconnecting websocket
[11:17:46 - DEBUG] Manager - No update received in over 10 seconds
[11:17:46 - INFO] Manager - Reconnecting websocket
[11:17:47 - INFO] Manager - Websocket Disconnected
[11:17:47 - DEBUG] Manager - No update received in over 10 seconds
[11:17:47 - INFO] Manager - Reconnecting websocket
[11:17:47 - INFO] Manager - Websocket Disconnected
[11:17:48 - DEBUG] Manager - No update received in over 10 seconds
[11:17:48 - INFO] Manager - Reconnecting websocket
[11:17:48 - INFO] Manager - Websocket Disconnected
[11:17:48 - DEBUG] Manager - No update received in over 10 seconds
[11:17:48 - INFO] Manager - Reconnecting websocket
[11:17:49 - INFO] Manager - Websocket Disconnected
[11:17:49 - DEBUG] Manager - No update received in over 10 seconds
[11:17:49 - INFO] Manager - Reconnecting websocket
[11:17:50 - DEBUG] Manager - No update received in over 10 seconds
[11:17:50 - INFO] Manager - Reconnecting websocket
[11:17:50 - INFO] Manager - Websocket Disconnected
[11:17:50 - INFO] Manager - Websocket Disconnected
[11:17:50 - DEBUG] Manager - No update received in over 10 seconds
[11:17:50 - INFO] Manager - Reconnecting websocket
[11:17:51 - DEBUG] Manager - No update received in over 10 seconds
[11:17:51 - INFO] Manager - Reconnecting websocket
[11:17:51 - INFO] Manager - Websocket Disconnected
[11:17:51 - INFO] Manager - Websocket Disconnected
[11:17:52 - INFO] Manager - Websocket Disconnected
[11:17:52 - DEBUG] Manager - No update received in over 10 seconds
[11:17:52 - INFO] Manager - Reconnecting websocket
[11:17:53 - DEBUG] Manager - No update received in over 10 seconds
[11:17:53 - INFO] Manager - Reconnecting websocket
[11:17:53 - INFO] Manager - Websocket Disconnected
[11:17:53 - DEBUG] Manager - No update received in over 10 seconds
[11:17:53 - INFO] Manager - Reconnecting websocket
[11:17:54 - INFO] Manager - Websocket Disconnected
[11:17:54 - DEBUG] Manager - No update received in over 10 seconds
[11:17:54 - INFO] Manager - Reconnecting websocket
[11:17:54 - INFO] Manager - Websocket Disconnected
[11:17:55 - DEBUG] Manager - No update received in over 10 seconds
[11:17:55 - INFO] Manager - Reconnecting websocket
[11:17:55 - INFO] Manager - Websocket Disconnected
[11:17:55 - DEBUG] Manager - No update received in over 10 seconds
[11:17:55 - INFO] Manager - Reconnecting websocket
[11:17:56 - INFO] Manager - Websocket Disconnected
[11:17:56 - DEBUG] Manager - No update received in over 10 seconds
[11:17:56 - INFO] Manager - Reconnecting websocket
[11:17:56 - INFO] Manager - Websocket Disconnected
[11:17:57 - DEBUG] Manager - No update received in over 10 seconds
[11:17:57 - INFO] Manager - Reconnecting websocket
[11:17:57 - INFO] Manager - Forced exit by user
[11:17:57 - INFO] Manager - Websocket Disconnected
[11:17:58 - INFO] Manager - Websocket Disconnected
[11:18:02 - INFO] Manager - Logged in successfully.
[11:18:02 - INFO] Manager - Loading master contracts
[11:18:08 - INFO] Manager - NSE F&O loaded 52169 contracts
[11:18:09 - INFO] Manager - NSE EQ loaded 1498 contracts
[11:18:10 - INFO] Manager - NSE Index loaded 55 contracts
[11:18:10 - INFO] Manager - Updated config file
[11:18:55 - INFO] Manager - Logged in successfully.
[11:18:55 - INFO] Manager - Loading master contracts
[11:18:59 - INFO] Manager - NSE F&O loaded 52169 contracts
[11:18:59 - INFO] Manager - NSE EQ loaded 1498 contracts
[11:19:01 - INFO] Manager - NSE Index loaded 55 contracts
[11:19:01 - INFO] Manager - Updated config file
[11:21:11 - INFO] Manager - Logged in successfully.
[11:21:11 - INFO] Manager - Loading master contracts
[11:21:15 - INFO] Manager - NSE F&O loaded 52169 contracts
[11:21:16 - INFO] Manager - NSE EQ loaded 1498 contracts
[11:21:17 - INFO] Manager - NSE Index loaded 55 contracts
[11:21:17 - INFO] Manager - Updated config file
[11:23:47 - INFO] Manager - Logged in successfully.
[11:23:47 - INFO] Manager - Loading master contracts
[11:23:50 - INFO] Manager - NSE F&O loaded 52169 contracts
[11:23:51 - INFO] Manager - NSE EQ loaded 1498 contracts
[11:23:52 - INFO] Manager - NSE Index loaded 55 contracts
[11:23:52 - INFO] Manager - Updated config file
[11:26:19 - INFO] Manager - Logged in successfully.
[11:26:19 - INFO] Manager - Loading master contracts
[11:26:25 - INFO] Manager - NSE F&O loaded 52169 contracts
[11:26:26 - INFO] Manager - NSE EQ loaded 1498 contracts
[11:26:26 - INFO] Manager - NSE Index loaded 55 contracts
[11:26:26 - INFO] Manager - Updated config file
[11:27:15 - INFO] Manager - Starting websocket
[11:27:42 - DEBUG] Manager - No update received in over 10 seconds
[11:27:43 - INFO] Manager - Reconnecting websocket
[11:27:45 - INFO] Manager - Websocket Disconnected
[11:28:09 - DEBUG] Manager - No update received in over 10 seconds
[11:28:11 - INFO] Manager - Reconnecting websocket
[11:28:13 - INFO] Manager - Websocket Disconnected
[11:29:06 - INFO] Manager - Forced exit by user
[11:32:31 - INFO] Manager - Logged in successfully.
[11:32:31 - INFO] Manager - Loading master contracts
[11:32:35 - INFO] Manager - NSE F&O loaded 52169 contracts
[11:32:36 - INFO] Manager - NSE EQ loaded 1498 contracts
[11:32:37 - INFO] Manager - NSE Index loaded 55 contracts
[11:32:37 - INFO] Manager - Updated config file
[11:33:21 - INFO] Manager - Starting websocket
[11:34:49 - INFO] Manager - Forced exit by user
[11:34:54 - INFO] Manager - Logged in successfully.
[11:34:54 - INFO] Manager - Loading master contracts
[11:34:57 - INFO] Manager - NSE F&O loaded 52169 contracts
[11:34:59 - INFO] Manager - NSE EQ loaded 1498 contracts
[11:34:59 - INFO] Manager - NSE Index loaded 55 contracts
[11:34:59 - INFO] Manager - Updated config file
[11:35:03 - INFO] Manager - Starting websocket
[11:35:17 - DEBUG] Manager - No update received in over 10 seconds
[11:35:17 - INFO] Manager - Reconnecting websocket
[11:35:18 - DEBUG] Manager - No update received in over 10 seconds
[11:35:18 - INFO] Manager - Reconnecting websocket
[11:35:19 - INFO] Manager - Websocket Disconnected
[11:35:19 - DEBUG] Manager - No update received in over 10 seconds
[11:35:19 - INFO] Manager - Reconnecting websocket
[11:35:20 - DEBUG] Manager - No update received in over 10 seconds
[11:35:20 - INFO] Manager - Reconnecting websocket
[11:35:21 - INFO] Manager - Websocket Disconnected
[11:35:21 - DEBUG] Manager - No update received in over 10 seconds
[11:35:21 - INFO] Manager - Reconnecting websocket
[11:35:21 - INFO] Manager - Websocket Disconnected
[11:35:22 - INFO] Manager - Websocket Disconnected
[11:35:22 - DEBUG] Manager - No update received in over 10 seconds
[11:35:22 - INFO] Manager - Reconnecting websocket
[11:35:23 - DEBUG] Manager - No update received in over 10 seconds
[11:35:23 - INFO] Manager - Reconnecting websocket
[11:35:23 - INFO] Manager - Websocket Disconnected
[11:35:23 - DEBUG] Manager - No update received in over 10 seconds
[11:35:23 - INFO] Manager - Reconnecting websocket
[11:35:24 - INFO] Manager - Websocket Disconnected
[11:35:24 - DEBUG] Manager - No update received in over 10 seconds
[11:35:24 - INFO] Manager - Reconnecting websocket
[11:35:25 - INFO] Manager - Websocket Disconnected
[11:35:25 - DEBUG] Manager - No update received in over 10 seconds
[11:35:25 - INFO] Manager - Reconnecting websocket
[11:35:25 - INFO] Manager - Websocket Disconnected
[11:35:25 - DEBUG] Manager - No update received in over 10 seconds
[11:35:25 - INFO] Manager - Reconnecting websocket
[11:35:26 - INFO] Manager - Websocket Disconnected
[11:35:27 - DEBUG] Manager - No update received in over 10 seconds
[11:35:27 - INFO] Manager - Reconnecting websocket
[11:35:27 - INFO] Manager - Websocket Disconnected
[11:35:27 - DEBUG] Manager - No update received in over 10 seconds
[11:35:27 - INFO] Manager - Reconnecting websocket
[11:35:28 - INFO] Manager - Websocket Disconnected
[11:35:28 - DEBUG] Manager - No update received in over 10 seconds
[11:35:28 - INFO] Manager - Reconnecting websocket
[11:35:28 - INFO] Manager - Websocket Disconnected
[11:35:29 - DEBUG] Manager - No update received in over 10 seconds
[11:35:29 - INFO] Manager - Reconnecting websocket
[11:35:29 - INFO] Manager - Websocket Disconnected
[11:35:29 - DEBUG] Manager - No update received in over 10 seconds
[11:35:29 - INFO] Manager - Reconnecting websocket
[11:35:30 - INFO] Manager - Websocket Disconnected
[11:35:30 - DEBUG] Manager - No update received in over 10 seconds
[11:35:30 - INFO] Manager - Reconnecting websocket
[11:35:30 - INFO] Manager - Websocket Disconnected
[11:35:31 - DEBUG] Manager - No update received in over 10 seconds
[11:35:31 - INFO] Manager - Reconnecting websocket
[11:35:31 - DEBUG] Manager - No update received in over 10 seconds
[11:35:31 - INFO] Manager - Reconnecting websocket
[11:35:31 - INFO] Manager - Websocket Disconnected
[11:35:32 - INFO] Manager - Websocket Disconnected
[11:35:32 - DEBUG] Manager - No update received in over 10 seconds
[11:35:32 - INFO] Manager - Reconnecting websocket
[11:35:32 - INFO] Manager - Forced exit by user
[11:35:44 - INFO] Manager - Logged in successfully.
[11:35:44 - INFO] Manager - Loading master contracts
[11:35:48 - INFO] Manager - NSE F&O loaded 52169 contracts
[11:35:50 - INFO] Manager - NSE EQ loaded 1498 contracts
[11:35:50 - INFO] Manager - NSE Index loaded 55 contracts
[11:35:50 - INFO] Manager - Updated config file
[11:35:58 - INFO] Manager - Starting websocket
[11:36:47 - INFO] Manager - Forced exit by user
[11:39:35 - INFO] Manager - Logged in successfully.
[11:39:35 - INFO] Manager - Loading master contracts
[11:39:40 - INFO] Manager - NSE F&O loaded 52169 contracts
[11:39:41 - INFO] Manager - NSE EQ loaded 1498 contracts
[11:39:41 - INFO] Manager - NSE Index loaded 55 contracts
[11:39:41 - INFO] Manager - Updated config file
[11:40:07 - INFO] Manager - Starting websocket
[11:40:49 - INFO] Manager - Forced exit by user
[11:41:59 - INFO] Manager - Logged in successfully.
[11:41:59 - INFO] Manager - Loading master contracts
[11:42:03 - INFO] Manager - NSE F&O loaded 52169 contracts
[11:42:03 - INFO] Manager - NSE Index loaded 55 contracts
[11:42:04 - INFO] Manager - NSE EQ loaded 1498 contracts
[11:42:04 - INFO] Manager - Updated config file
[11:42:34 - INFO] Manager - Starting websocket
[11:42:57 - INFO] Manager - Forced exit by user
[11:49:07 - INFO] Manager - Logged in successfully.
[11:49:07 - INFO] Manager - Loading master contracts
[11:49:12 - INFO] Manager - NSE F&O loaded 52169 contracts
[11:49:13 - INFO] Manager - NSE Index loaded 55 contracts
[11:49:15 - INFO] Manager - NSE EQ loaded 1498 contracts
[11:49:15 - INFO] Manager - Updated config file
[11:49:39 - INFO] Manager - Starting websocket
[11:51:18 - INFO] Manager - Forced exit by user
[12:02:18 - INFO] Manager - Logged in successfully.
[12:02:18 - INFO] Manager - Loading master contracts
[12:02:22 - INFO] Manager - NSE F&O loaded 52169 contracts
[12:02:22 - INFO] Manager - NSE Index loaded 55 contracts
[12:02:24 - INFO] Manager - NSE EQ loaded 1498 contracts
[12:02:24 - INFO] Manager - Updated config file
[12:02:28 - INFO] Manager - Starting websocket
[12:02:42 - DEBUG] Manager - No update received in over 10 seconds
[12:02:42 - INFO] Manager - Reconnecting websocket
[12:02:43 - DEBUG] Manager - No update received in over 10 seconds
[12:02:43 - INFO] Manager - Reconnecting websocket
[12:02:43 - DEBUG] Manager - No update received in over 10 seconds
[12:02:43 - INFO] Manager - Reconnecting websocket
[12:02:44 - INFO] Manager - Websocket Disconnected
[12:02:44 - DEBUG] Manager - No update received in over 10 seconds
[12:02:44 - INFO] Manager - Reconnecting websocket
[12:02:44 - INFO] Manager - Websocket Disconnected
[12:02:45 - DEBUG] Manager - No update received in over 10 seconds
[12:02:45 - INFO] Manager - Reconnecting websocket
[12:02:45 - INFO] Manager - Websocket Disconnected
[12:02:45 - DEBUG] Manager - No update received in over 10 seconds
[12:02:45 - INFO] Manager - Reconnecting websocket
[12:02:46 - INFO] Manager - Websocket Disconnected
[12:02:46 - DEBUG] Manager - No update received in over 10 seconds
[12:02:46 - INFO] Manager - Reconnecting websocket
[12:02:47 - INFO] Manager - Websocket Disconnected
[12:02:47 - INFO] Manager - Websocket Disconnected
[12:02:47 - DEBUG] Manager - No update received in over 10 seconds
[12:02:47 - INFO] Manager - Reconnecting websocket
[12:02:48 - INFO] Manager - Websocket Disconnected
[12:02:48 - DEBUG] Manager - No update received in over 10 seconds
[12:02:48 - INFO] Manager - Reconnecting websocket
[12:02:49 - DEBUG] Manager - No update received in over 10 seconds
[12:02:49 - INFO] Manager - Reconnecting websocket
[12:02:50 - DEBUG] Manager - No update received in over 10 seconds
[12:02:50 - INFO] Manager - Reconnecting websocket
[12:02:50 - INFO] Manager - Websocket Disconnected
[12:02:50 - INFO] Manager - Websocket Disconnected
[12:02:50 - DEBUG] Manager - No update received in over 10 seconds
[12:02:50 - INFO] Manager - Reconnecting websocket
[12:02:51 - INFO] Manager - Websocket Disconnected
[12:02:51 - INFO] Manager - Websocket Disconnected
[12:02:51 - DEBUG] Manager - No update received in over 10 seconds
[12:02:51 - INFO] Manager - Reconnecting websocket
[12:02:52 - DEBUG] Manager - No update received in over 10 seconds
[12:02:52 - INFO] Manager - Reconnecting websocket
[12:02:53 - INFO] Manager - Websocket Disconnected
[12:02:53 - DEBUG] Manager - No update received in over 10 seconds
[12:02:53 - INFO] Manager - Reconnecting websocket
[12:02:53 - INFO] Manager - Websocket Disconnected
[12:02:53 - DEBUG] Manager - No update received in over 10 seconds
[12:02:53 - INFO] Manager - Reconnecting websocket
[12:02:54 - INFO] Manager - Websocket Disconnected
[12:02:55 - INFO] Manager - Websocket Disconnected
[12:02:55 - DEBUG] Manager - No update received in over 10 seconds
[12:02:55 - INFO] Manager - Reconnecting websocket
[12:02:55 - DEBUG] Manager - No update received in over 10 seconds
[12:02:55 - INFO] Manager - Reconnecting websocket
[12:02:56 - INFO] Manager - Websocket Disconnected
[12:02:56 - DEBUG] Manager - No update received in over 10 seconds
[12:02:56 - INFO] Manager - Reconnecting websocket
[12:02:56 - INFO] Manager - Websocket Disconnected
[12:02:57 - DEBUG] Manager - No update received in over 10 seconds
[12:02:57 - INFO] Manager - Reconnecting websocket
[12:02:57 - DEBUG] Manager - No update received in over 10 seconds
[12:02:57 - INFO] Manager - Reconnecting websocket
[12:02:57 - INFO] Manager - Websocket Disconnected
[12:02:58 - INFO] Manager - Websocket Disconnected
[12:02:58 - DEBUG] Manager - No update received in over 10 seconds
[12:02:58 - INFO] Manager - Reconnecting websocket
[12:02:58 - INFO] Manager - Websocket Disconnected
[12:02:59 - DEBUG] Manager - No update received in over 10 seconds
[12:02:59 - INFO] Manager - Reconnecting websocket
[12:02:59 - INFO] Manager - Websocket Disconnected
[12:02:59 - DEBUG] Manager - No update received in over 10 seconds
[12:02:59 - INFO] Manager - Reconnecting websocket
[12:03:00 - INFO] Manager - Websocket Disconnected
[12:03:00 - DEBUG] Manager - No update received in over 10 seconds
[12:03:00 - INFO] Manager - Reconnecting websocket
[12:03:01 - DEBUG] Manager - No update received in over 10 seconds
[12:03:01 - INFO] Manager - Reconnecting websocket
[12:03:01 - INFO] Manager - Websocket Disconnected
[12:03:01 - INFO] Manager - Websocket Disconnected
[12:03:01 - DEBUG] Manager - No update received in over 10 seconds
[12:03:01 - INFO] Manager - Reconnecting websocket
[12:03:02 - INFO] Manager - Websocket Disconnected
[12:03:02 - DEBUG] Manager - No update received in over 10 seconds
[12:03:02 - INFO] Manager - Reconnecting websocket
[12:03:02 - INFO] Manager - Websocket Disconnected
[12:03:03 - DEBUG] Manager - No update received in over 10 seconds
[12:03:03 - INFO] Manager - Reconnecting websocket
[12:03:03 - INFO] Manager - Websocket Disconnected
[12:03:04 - DEBUG] Manager - No update received in over 10 seconds
[12:03:04 - INFO] Manager - Reconnecting websocket
[12:03:04 - INFO] Manager - Websocket Disconnected
[12:03:04 - DEBUG] Manager - No update received in over 10 seconds
[12:03:04 - INFO] Manager - Reconnecting websocket
[12:03:05 - INFO] Manager - Websocket Disconnected
[12:03:05 - DEBUG] Manager - No update received in over 10 seconds
[12:03:05 - INFO] Manager - Reconnecting websocket
[12:03:05 - INFO] Manager - Websocket Disconnected
[12:03:06 - DEBUG] Manager - No update received in over 10 seconds
[12:03:06 - INFO] Manager - Reconnecting websocket
[12:03:06 - INFO] Manager - Websocket Disconnected
[12:03:07 - INFO] Manager - Websocket Disconnected
[12:03:07 - DEBUG] Manager - No update received in over 10 seconds
[12:03:07 - INFO] Manager - Reconnecting websocket
[12:03:07 - DEBUG] Manager - No update received in over 10 seconds
[12:03:07 - INFO] Manager - Reconnecting websocket
[12:03:08 - DEBUG] Manager - No update received in over 10 seconds
[12:03:08 - INFO] Manager - Reconnecting websocket
[12:03:08 - INFO] Manager - Websocket Disconnected
[12:03:08 - INFO] Manager - Websocket Disconnected
[12:03:09 - DEBUG] Manager - No update received in over 10 seconds
[12:03:09 - INFO] Manager - Reconnecting websocket
[12:03:09 - INFO] Manager - Websocket Disconnected
[12:03:10 - INFO] Manager - Websocket Disconnected
[12:03:10 - DEBUG] Manager - No update received in over 10 seconds
[12:03:10 - INFO] Manager - Reconnecting websocket
[12:03:11 - DEBUG] Manager - No update received in over 10 seconds
[12:03:11 - INFO] Manager - Reconnecting websocket
[12:03:11 - DEBUG] Manager - No update received in over 10 seconds
[12:03:11 - INFO] Manager - Reconnecting websocket
[12:03:11 - INFO] Manager - Websocket Disconnected
[12:03:12 - INFO] Manager - Websocket Disconnected
[12:03:12 - DEBUG] Manager - No update received in over 10 seconds
[12:03:12 - INFO] Manager - Reconnecting websocket
[12:03:12 - INFO] Manager - Websocket Disconnected
[12:03:13 - DEBUG] Manager - No update received in over 10 seconds
[12:03:13 - INFO] Manager - Reconnecting websocket
[12:03:13 - INFO] Manager - Websocket Disconnected
[12:03:13 - DEBUG] Manager - No update received in over 10 seconds
[12:03:13 - INFO] Manager - Reconnecting websocket
[12:03:14 - INFO] Manager - Websocket Disconnected
[12:03:14 - DEBUG] Manager - No update received in over 10 seconds
[12:03:14 - INFO] Manager - Reconnecting websocket
[12:03:14 - INFO] Manager - Websocket Disconnected
[12:03:14 - INFO] Manager - Forced exit by user
[12:09:53 - INFO] Manager - Logged in successfully.
[12:09:53 - INFO] Manager - Loading master contracts
[12:09:59 - INFO] Manager - NSE F&O loaded 52169 contracts
[12:09:59 - INFO] Manager - NSE Index loaded 55 contracts
[12:10:01 - INFO] Manager - NSE EQ loaded 1498 contracts
[12:10:01 - INFO] Manager - Updated config file
[12:10:02 - INFO] Manager - Starting websocket
[12:10:04 - ERROR] Manager - Exception while handling quote update.
Traceback (most recent call last):
  File "/home/chandan/Documents/PythonWorkbook/upstox_python_bot-master/manager.py", line 161, in main_loop
    order = bot[1].process_quote(m)
  File "/home/chandan/Documents/PythonWorkbook/upstox_python_bot-master/emats.py", line 99, in process_quote
    if self.state[-1] in ('setup complete') and self.cycles < MAX_CYCLES:
AttributeError: 'EMATS' object has no attribute 'cycles'
[12:10:05 - ERROR] Manager - Exception while handling quote update.
Traceback (most recent call last):
  File "/home/chandan/Documents/PythonWorkbook/upstox_python_bot-master/manager.py", line 161, in main_loop
    order = bot[1].process_quote(m)
  File "/home/chandan/Documents/PythonWorkbook/upstox_python_bot-master/emats.py", line 99, in process_quote
    if self.state[-1] in ('setup complete') and self.cycles < MAX_CYCLES:
AttributeError: 'EMATS' object has no attribute 'cycles'
[12:10:06 - ERROR] Manager - Exception while handling quote update.
Traceback (most recent call last):
  File "/home/chandan/Documents/PythonWorkbook/upstox_python_bot-master/manager.py", line 161, in main_loop
    order = bot[1].process_quote(m)
  File "/home/chandan/Documents/PythonWorkbook/upstox_python_bot-master/emats.py", line 99, in process_quote
    if self.state[-1] in ('setup complete') and self.cycles < MAX_CYCLES:
AttributeError: 'EMATS' object has no attribute 'cycles'
[12:10:08 - ERROR] Manager - Exception while handling quote update.
Traceback (most recent call last):
  File "/home/chandan/Documents/PythonWorkbook/upstox_python_bot-master/manager.py", line 161, in main_loop
    order = bot[1].process_quote(m)
  File "/home/chandan/Documents/PythonWorkbook/upstox_python_bot-master/emats.py", line 99, in process_quote
    if self.state[-1] in ('setup complete') and self.cycles < MAX_CYCLES:
AttributeError: 'EMATS' object has no attribute 'cycles'
[12:10:10 - ERROR] Manager - Exception while handling quote update.
Traceback (most recent call last):
  File "/home/chandan/Documents/PythonWorkbook/upstox_python_bot-master/manager.py", line 161, in main_loop
    order = bot[1].process_quote(m)
  File "/home/chandan/Documents/PythonWorkbook/upstox_python_bot-master/emats.py", line 99, in process_quote
    if self.state[-1] in ('setup complete') and self.cycles < MAX_CYCLES:
AttributeError: 'EMATS' object has no attribute 'cycles'
[12:10:11 - ERROR] Manager - Exception while handling quote update.
Traceback (most recent call last):
  File "/home/chandan/Documents/PythonWorkbook/upstox_python_bot-master/manager.py", line 161, in main_loop
    order = bot[1].process_quote(m)
  File "/home/chandan/Documents/PythonWorkbook/upstox_python_bot-master/emats.py", line 99, in process_quote
    if self.state[-1] in ('setup complete') and self.cycles < MAX_CYCLES:
AttributeError: 'EMATS' object has no attribute 'cycles'
[12:10:12 - ERROR] Manager - Exception while handling quote update.
Traceback (most recent call last):
  File "/home/chandan/Documents/PythonWorkbook/upstox_python_bot-master/manager.py", line 161, in main_loop
    order = bot[1].process_quote(m)
  File "/home/chandan/Documents/PythonWorkbook/upstox_python_bot-master/emats.py", line 99, in process_quote
    if self.state[-1] in ('setup complete') and self.cycles < MAX_CYCLES:
AttributeError: 'EMATS' object has no attribute 'cycles'
[12:10:13 - INFO] Manager - Forced exit by user
[12:12:15 - INFO] Manager - Logged in successfully.
[12:12:15 - INFO] Manager - Loading master contracts
[12:12:21 - INFO] Manager - NSE F&O loaded 52169 contracts
[12:12:22 - INFO] Manager - NSE Index loaded 55 contracts
[12:12:23 - INFO] Manager - NSE EQ loaded 1498 contracts
[12:12:23 - INFO] Manager - Updated config file
[12:12:24 - INFO] Manager - Starting websocket
[12:35:32 - INFO] Manager - Forced exit by user
[12:35:34 - INFO] Manager - Logged in successfully.
[12:35:34 - INFO] Manager - Loading master contracts
[12:35:39 - INFO] Manager - NSE F&O loaded 52169 contracts
[12:35:39 - INFO] Manager - NSE Index loaded 55 contracts
[12:35:40 - INFO] Manager - NSE EQ loaded 1498 contracts
[12:35:40 - INFO] Manager - Updated config file
[12:35:42 - INFO] Manager - Starting websocket
[12:35:44 - ERROR] Manager - Exception while handling quote update.
Traceback (most recent call last):
  File "/home/chandan/Documents/PythonWorkbook/upstox_python_bot-master/manager.py", line 161, in main_loop
    order = bot[1].process_quote(m)
  File "/home/chandan/Documents/PythonWorkbook/upstox_python_bot-master/emats.py", line 97, in process_quote
    buy_order = self.buy_bot.process_quote(quote)
  File "/home/chandan/Documents/PythonWorkbook/upstox_python_bot-master/eqbot.py", line 41, in process_quote
    self._setup(quote)
  File "/home/chandan/Documents/PythonWorkbook/upstox_python_bot-master/eqbot.py", line 99, in _setup
    nifty = client.get_instrument_by_symbol('NSE_EQ', "reliance")
AttributeError: 'NoneType' object has no attribute 'get_instrument_by_symbol'
[12:35:45 - ERROR] Manager - Exception while handling quote update.
Traceback (most recent call last):
  File "/home/chandan/Documents/PythonWorkbook/upstox_python_bot-master/manager.py", line 161, in main_loop
    order = bot[1].process_quote(m)
  File "/home/chandan/Documents/PythonWorkbook/upstox_python_bot-master/emats.py", line 97, in process_quote
    buy_order = self.buy_bot.process_quote(quote)
  File "/home/chandan/Documents/PythonWorkbook/upstox_python_bot-master/eqbot.py", line 41, in process_quote
    self._setup(quote)
  File "/home/chandan/Documents/PythonWorkbook/upstox_python_bot-master/eqbot.py", line 99, in _setup
    nifty = client.get_instrument_by_symbol('NSE_EQ', "reliance")
AttributeError: 'NoneType' object has no attribute 'get_instrument_by_symbol'
[12:35:47 - ERROR] Manager - Exception while handling quote update.
Traceback (most recent call last):
  File "/home/chandan/Documents/PythonWorkbook/upstox_python_bot-master/manager.py", line 161, in main_loop
    order = bot[1].process_quote(m)
  File "/home/chandan/Documents/PythonWorkbook/upstox_python_bot-master/emats.py", line 97, in process_quote
    buy_order = self.buy_bot.process_quote(quote)
  File "/home/chandan/Documents/PythonWorkbook/upstox_python_bot-master/eqbot.py", line 41, in process_quote
    self._setup(quote)
  File "/home/chandan/Documents/PythonWorkbook/upstox_python_bot-master/eqbot.py", line 99, in _setup
    nifty = client.get_instrument_by_symbol('NSE_EQ', "reliance")
AttributeError: 'NoneType' object has no attribute 'get_instrument_by_symbol'
[12:35:48 - ERROR] Manager - Exception while handling quote update.
Traceback (most recent call last):
  File "/home/chandan/Documents/PythonWorkbook/upstox_python_bot-master/manager.py", line 161, in main_loop
    order = bot[1].process_quote(m)
  File "/home/chandan/Documents/PythonWorkbook/upstox_python_bot-master/emats.py", line 97, in process_quote
    buy_order = self.buy_bot.process_quote(quote)
  File "/home/chandan/Documents/PythonWorkbook/upstox_python_bot-master/eqbot.py", line 41, in process_quote
    self._setup(quote)
  File "/home/chandan/Documents/PythonWorkbook/upstox_python_bot-master/eqbot.py", line 99, in _setup
    nifty = client.get_instrument_by_symbol('NSE_EQ', "reliance")
AttributeError: 'NoneType' object has no attribute 'get_instrument_by_symbol'
[12:35:50 - ERROR] Manager - Exception while handling quote update.
Traceback (most recent call last):
  File "/home/chandan/Documents/PythonWorkbook/upstox_python_bot-master/manager.py", line 161, in main_loop
    order = bot[1].process_quote(m)
  File "/home/chandan/Documents/PythonWorkbook/upstox_python_bot-master/emats.py", line 97, in process_quote
    buy_order = self.buy_bot.process_quote(quote)
  File "/home/chandan/Documents/PythonWorkbook/upstox_python_bot-master/eqbot.py", line 41, in process_quote
    self._setup(quote)
  File "/home/chandan/Documents/PythonWorkbook/upstox_python_bot-master/eqbot.py", line 99, in _setup
    nifty = client.get_instrument_by_symbol('NSE_EQ', "reliance")
AttributeError: 'NoneType' object has no attribute 'get_instrument_by_symbol'
[12:35:50 - INFO] Manager - Forced exit by user
[12:39:20 - INFO] Manager - Logged in successfully.
[12:39:20 - INFO] Manager - Loading master contracts
[12:39:23 - INFO] Manager - NSE F&O loaded 52169 contracts
[12:39:24 - INFO] Manager - NSE Index loaded 55 contracts
[12:39:25 - INFO] Manager - NSE EQ loaded 1498 contracts
[12:39:25 - INFO] Manager - Updated config file
[12:39:26 - INFO] Manager - Starting websocket
[12:50:14 - INFO] Manager - Forced exit by user
[12:50:37 - INFO] Manager - Logged in successfully.
[12:50:37 - INFO] Manager - Loading master contracts
[12:50:40 - INFO] Manager - NSE F&O loaded 52169 contracts
[12:50:41 - INFO] Manager - NSE Index loaded 55 contracts
[12:50:43 - INFO] Manager - NSE EQ loaded 1498 contracts
[12:50:43 - INFO] Manager - Updated config file
[12:50:45 - INFO] Manager - Starting websocket
[13:22:36 - INFO] Manager - Forced exit by user
